<html>
<head>
<title>TestNG:  Command line test</title>
<link href="../testng.css" rel="stylesheet" type="text/css" />
<link href="../my-testng.css" rel="stylesheet" type="text/css" />

<style type="text/css">
.log { display: none;} 
.stack-trace { display: none;} 
</style>
<script type="text/javascript">
<!--
function flip(e) {
  current = e.style.display;
  if (current == 'block') {
    e.style.display = 'none';
    return 0;
  }
  else {
    e.style.display = 'block';
    return 1;
  }
}

function toggleBox(szDivId, elem, msg1, msg2)
{
  var res = -1;  if (document.getElementById) {
    res = flip(document.getElementById(szDivId));
  }
  else if (document.all) {
    // this is the way old msie versions work
    res = flip(document.all[szDivId]);
  }
  if(elem) {
    if(res == 0) elem.innerHTML = msg1; else elem.innerHTML = msg2;
  }

}

function toggleAllBoxes() {
  if (document.getElementsByTagName) {
    d = document.getElementsByTagName('div');
    for (i = 0; i < d.length; i++) {
      if (d[i].className == 'log') {
        flip(d[i]);
      }
    }
  }
}

// -->
</script>

</head>
<body>
<h2 align='center'>Command line test</h2><table border='1' align="center">
<tr>
<td>Tests passed/Failed/Skipped:</td><td>21/2/0</td>
</tr><tr>
<td>Started on:</td><td>Sun Mar 08 20:23:12 CET 2020</td>
</tr>
<tr><td>Total time:</td><td>151 seconds (151513 ms)</td>
</tr><tr>
<td>Included groups:</td><td></td>
</tr><tr>
<td>Excluded groups:</td><td></td>
</tr>
</table><p/>
<small><i>(Hover the method name to see the test class name)</i></small><p/>
<table width='100%' border='1' class='invocation-failed'>
<tr><td colspan='4' align='center'><b>FAILED TESTS</b></td></tr>
<tr><td><b>Test method</b></td>
<td width="30%"><b>Exception</b></td>
<td width="10%"><b>Time (seconds)</b></td>
<td><b>Instance</b></td>
</tr>
<tr>
<td title='com.guruEcommerce.qa.testcases.accountPageTest.accountCreationSuccessMessageTest()'><b>accountCreationSuccessMessageTest</b><br>Test class: com.guruEcommerce.qa.testcases.accountPageTest<br>Parameters: Sachin, P, sachinp11@test.com, pass1234, pass1234</td>
<td><div><pre>org.openqa.selenium.NoSuchElementException: no such element: Unable to locate element: {&quot;method&quot;:&quot;xpath&quot;,&quot;selector&quot;:&quot;//li[@class=&apos;success-msg&apos;]&quot;}
  (Session info: chrome=80.0.3987.132)
For documentation on this error, please visit: https://www.seleniumhq.org/exceptions/no_such_element.html
Build info: version: &apos;3.141.59&apos;, revision: &apos;e82be7d358&apos;, time: &apos;2018-11-14T08:17:03&apos;
System info: host: &apos;bimanb01-mac&apos;, ip: &apos;2001:1c04:2a02:a600:f117:9c07:a609:f582&apos;, os.name: &apos;Mac OS X&apos;, os.arch: &apos;x86_64&apos;, os.version: &apos;10.12.6&apos;, java.version: &apos;1.8.0_121&apos;
Driver info: org.openqa.selenium.chrome.ChromeDriver
Capabilities {acceptInsecureCerts: false, browserName: chrome, browserVersion: 80.0.3987.132, chrome: {chromedriverVersion: 79.0.3945.36 (3582db32b3389..., userDataDir: /var/folders/h_/mflpb01j1cb...}, goog:chromeOptions: {debuggerAddress: localhost:54728}, javascriptEnabled: true, networkConnectionEnabled: false, pageLoadStrategy: normal, platform: MAC, platformName: MAC, proxy: Proxy(), setWindowRect: true, strictFileInteractability: false, timeouts: {implicit: 0, pageLoad: 300000, script: 30000}, unhandledPromptBehavior: dismiss and notify}
Session ID: fd6d31172f4368137d6b44b85ccbf97b
*** Element info: {Using=xpath, value=//li[@class=&apos;success-msg&apos;]}
	at org.openqa.selenium.remote.http.W3CHttpResponseCodec.createException(W3CHttpResponseCodec.java:187)
	at org.openqa.selenium.remote.http.W3CHttpResponseCodec.decode(W3CHttpResponseCodec.java:122)
	at org.openqa.selenium.remote.http.W3CHttpResponseCodec.decode(W3CHttpResponseCodec.java:49)
	at org.openqa.selenium.remote.HttpCommandExecutor.execute(HttpCommandExecutor.java:158)
	at org.openqa.selenium.remote.service.DriverCommandExecutor.execute(DriverCommandExecutor.java:83)
	at org.openqa.selenium.remote.RemoteWebDriver.execute(RemoteWebDriver.java:552)
	at org.openqa.selenium.remote.RemoteWebDriver.findElement(RemoteWebDriver.java:323)
	at org.openqa.selenium.remote.RemoteWebDriver.findElementByXPath(RemoteWebDriver.java:428)
	at org.openqa.selenium.By$ByXPath.findElement(By.java:353)
	at org.openqa.selenium.remote.RemoteWebDriver.findElement(RemoteWebDriver.java:315)
	at org.openqa.selenium.support.events.EventFiringWebDriver.lambda$new$1(EventFiringWebDriver.java:105)
	at com.sun.proxy.$Proxy7.findElement(Unknown Source)
	at org.openqa.selenium.support.events.EventFiringWebDriver.findElement(EventFiringWebDriver.java:194)
	at org.openqa.selenium.support.pagefactory.DefaultElementLocator.findElement(DefaultElementLocator.java:69)
	at org.openqa.selenium.support.pagefactory.internal.LocatingElementHandler.invoke(LocatingElementHandler.java:38)
	at com.sun.proxy.$Proxy11.getText(Unknown Source)
	at com.guruEcommerce.qa.pages.accountPage.accountCreateSuccessMessage(accountPage.java:27)
	at com.guruEcommerce.qa.testcases.accountPageTest.accountCreationSuccessMessageTest(accountPageTest.java:42)
... Removed 43 stack frames</pre></div><a href='#' onClick='toggleBox("stack-trace1087072654", this, "Click to show all stack frames", "Click to hide stack frames")'>Click to show all stack frames</a>
<div class='stack-trace' id='stack-trace1087072654'><pre>org.openqa.selenium.NoSuchElementException: no such element: Unable to locate element: {&quot;method&quot;:&quot;xpath&quot;,&quot;selector&quot;:&quot;//li[@class=&apos;success-msg&apos;]&quot;}
  (Session info: chrome=80.0.3987.132)
For documentation on this error, please visit: https://www.seleniumhq.org/exceptions/no_such_element.html
Build info: version: &apos;3.141.59&apos;, revision: &apos;e82be7d358&apos;, time: &apos;2018-11-14T08:17:03&apos;
System info: host: &apos;bimanb01-mac&apos;, ip: &apos;2001:1c04:2a02:a600:f117:9c07:a609:f582&apos;, os.name: &apos;Mac OS X&apos;, os.arch: &apos;x86_64&apos;, os.version: &apos;10.12.6&apos;, java.version: &apos;1.8.0_121&apos;
Driver info: org.openqa.selenium.chrome.ChromeDriver
Capabilities {acceptInsecureCerts: false, browserName: chrome, browserVersion: 80.0.3987.132, chrome: {chromedriverVersion: 79.0.3945.36 (3582db32b3389..., userDataDir: /var/folders/h_/mflpb01j1cb...}, goog:chromeOptions: {debuggerAddress: localhost:54728}, javascriptEnabled: true, networkConnectionEnabled: false, pageLoadStrategy: normal, platform: MAC, platformName: MAC, proxy: Proxy(), setWindowRect: true, strictFileInteractability: false, timeouts: {implicit: 0, pageLoad: 300000, script: 30000}, unhandledPromptBehavior: dismiss and notify}
Session ID: fd6d31172f4368137d6b44b85ccbf97b
*** Element info: {Using=xpath, value=//li[@class=&apos;success-msg&apos;]}
	at sun.reflect.NativeConstructorAccessorImpl.newInstance0(Native Method)
	at sun.reflect.NativeConstructorAccessorImpl.newInstance(NativeConstructorAccessorImpl.java:62)
	at sun.reflect.DelegatingConstructorAccessorImpl.newInstance(DelegatingConstructorAccessorImpl.java:45)
	at java.lang.reflect.Constructor.newInstance(Constructor.java:423)
	at org.openqa.selenium.remote.http.W3CHttpResponseCodec.createException(W3CHttpResponseCodec.java:187)
	at org.openqa.selenium.remote.http.W3CHttpResponseCodec.decode(W3CHttpResponseCodec.java:122)
	at org.openqa.selenium.remote.http.W3CHttpResponseCodec.decode(W3CHttpResponseCodec.java:49)
	at org.openqa.selenium.remote.HttpCommandExecutor.execute(HttpCommandExecutor.java:158)
	at org.openqa.selenium.remote.service.DriverCommandExecutor.execute(DriverCommandExecutor.java:83)
	at org.openqa.selenium.remote.RemoteWebDriver.execute(RemoteWebDriver.java:552)
	at org.openqa.selenium.remote.RemoteWebDriver.findElement(RemoteWebDriver.java:323)
	at org.openqa.selenium.remote.RemoteWebDriver.findElementByXPath(RemoteWebDriver.java:428)
	at org.openqa.selenium.By$ByXPath.findElement(By.java:353)
	at org.openqa.selenium.remote.RemoteWebDriver.findElement(RemoteWebDriver.java:315)
	at sun.reflect.NativeMethodAccessorImpl.invoke0(Native Method)
	at sun.reflect.NativeMethodAccessorImpl.invoke(NativeMethodAccessorImpl.java:62)
	at sun.reflect.DelegatingMethodAccessorImpl.invoke(DelegatingMethodAccessorImpl.java:43)
	at java.lang.reflect.Method.invoke(Method.java:498)
	at org.openqa.selenium.support.events.EventFiringWebDriver.lambda$new$1(EventFiringWebDriver.java:105)
	at com.sun.proxy.$Proxy7.findElement(Unknown Source)
	at org.openqa.selenium.support.events.EventFiringWebDriver.findElement(EventFiringWebDriver.java:194)
	at org.openqa.selenium.support.pagefactory.DefaultElementLocator.findElement(DefaultElementLocator.java:69)
	at org.openqa.selenium.support.pagefactory.internal.LocatingElementHandler.invoke(LocatingElementHandler.java:38)
	at com.sun.proxy.$Proxy11.getText(Unknown Source)
	at com.guruEcommerce.qa.pages.accountPage.accountCreateSuccessMessage(accountPage.java:27)
	at com.guruEcommerce.qa.testcases.accountPageTest.accountCreationSuccessMessageTest(accountPageTest.java:42)
	at sun.reflect.NativeMethodAccessorImpl.invoke0(Native Method)
	at sun.reflect.NativeMethodAccessorImpl.invoke(NativeMethodAccessorImpl.java:62)
	at sun.reflect.DelegatingMethodAccessorImpl.invoke(DelegatingMethodAccessorImpl.java:43)
	at java.lang.reflect.Method.invoke(Method.java:498)
	at org.testng.internal.MethodInvocationHelper.invokeMethod(MethodInvocationHelper.java:124)
	at org.testng.internal.Invoker.invokeMethod(Invoker.java:580)
	at org.testng.internal.Invoker.invokeTestMethod(Invoker.java:716)
	at org.testng.internal.Invoker.invokeTestMethods(Invoker.java:988)
	at org.testng.internal.TestMethodWorker.invokeTestMethods(TestMethodWorker.java:125)
	at org.testng.internal.TestMethodWorker.run(TestMethodWorker.java:109)
	at org.testng.TestRunner.privateRun(TestRunner.java:648)
	at org.testng.TestRunner.run(TestRunner.java:505)
	at org.testng.SuiteRunner.runTest(SuiteRunner.java:455)
	at org.testng.SuiteRunner.runSequentially(SuiteRunner.java:450)
	at org.testng.SuiteRunner.privateRun(SuiteRunner.java:415)
	at org.testng.SuiteRunner.run(SuiteRunner.java:364)
	at org.testng.SuiteRunnerWorker.runSuite(SuiteRunnerWorker.java:52)
	at org.testng.SuiteRunnerWorker.run(SuiteRunnerWorker.java:84)
	at org.testng.TestNG.runSuitesSequentially(TestNG.java:1208)
	at org.testng.TestNG.runSuitesLocally(TestNG.java:1137)
	at org.testng.TestNG.runSuites(TestNG.java:1049)
	at org.testng.TestNG.run(TestNG.java:1017)
	at org.apache.maven.surefire.testng.TestNGExecutor.run(TestNGExecutor.java:77)
	at org.apache.maven.surefire.testng.TestNGDirectoryTestSuite.executeMulti(TestNGDirectoryTestSuite.java:159)
	at org.apache.maven.surefire.testng.TestNGDirectoryTestSuite.execute(TestNGDirectoryTestSuite.java:99)
	at org.apache.maven.surefire.testng.TestNGProvider.invoke(TestNGProvider.java:106)
	at sun.reflect.NativeMethodAccessorImpl.invoke0(Native Method)
	at sun.reflect.NativeMethodAccessorImpl.invoke(NativeMethodAccessorImpl.java:62)
	at sun.reflect.DelegatingMethodAccessorImpl.invoke(DelegatingMethodAccessorImpl.java:43)
	at java.lang.reflect.Method.invoke(Method.java:498)
	at org.apache.maven.surefire.util.ReflectionUtils.invokeMethodWithArray(ReflectionUtils.java:189)
	at org.apache.maven.surefire.booter.ProviderFactory$ProviderProxy.invoke(ProviderFactory.java:165)
	at org.apache.maven.surefire.booter.ProviderFactory.invokeProvider(ProviderFactory.java:85)
	at org.apache.maven.surefire.booter.ForkedBooter.runSuitesInProcess(ForkedBooter.java:115)
	at org.apache.maven.surefire.booter.ForkedBooter.main(ForkedBooter.java:75)
</pre></div></td>
<td>12</td>
<td>com.guruEcommerce.qa.testcases.accountPageTest@2669b199</td></tr>
<tr>
<td title='com.guruEcommerce.qa.testcases.cartPageTest.verifyDisplayErrorMessage()'><b>verifyDisplayErrorMessage</b><br>Test class: com.guruEcommerce.qa.testcases.cartPageTest</td>
<td><div><pre>java.lang.AssertionError: expected:&lt;* The maximum quantity allowed for purchase is 500.&gt; but was:&lt;The requested quantity for Sony Xperia is not available&gt;
	at com.guruEcommerce.qa.testcases.cartPageTest.verifyDisplayErrorMessage(cartPageTest.java:59)
... Removed 37 stack frames</pre></div><a href='#' onClick='toggleBox("stack-trace1095203437", this, "Click to show all stack frames", "Click to hide stack frames")'>Click to show all stack frames</a>
<div class='stack-trace' id='stack-trace1095203437'><pre>java.lang.AssertionError: expected:&lt;* The maximum quantity allowed for purchase is 500.&gt; but was:&lt;The requested quantity for Sony Xperia is not available&gt;
	at org.testng.AssertJUnit.assertEquals(AssertJUnit.java:101)
	at org.testng.AssertJUnit.assertEquals(AssertJUnit.java:108)
	at com.guruEcommerce.qa.testcases.cartPageTest.verifyDisplayErrorMessage(cartPageTest.java:59)
	at sun.reflect.NativeMethodAccessorImpl.invoke0(Native Method)
	at sun.reflect.NativeMethodAccessorImpl.invoke(NativeMethodAccessorImpl.java:62)
	at sun.reflect.DelegatingMethodAccessorImpl.invoke(DelegatingMethodAccessorImpl.java:43)
	at java.lang.reflect.Method.invoke(Method.java:498)
	at org.testng.internal.MethodInvocationHelper.invokeMethod(MethodInvocationHelper.java:124)
	at org.testng.internal.Invoker.invokeMethod(Invoker.java:580)
	at org.testng.internal.Invoker.invokeTestMethod(Invoker.java:716)
	at org.testng.internal.Invoker.invokeTestMethods(Invoker.java:988)
	at org.testng.internal.TestMethodWorker.invokeTestMethods(TestMethodWorker.java:125)
	at org.testng.internal.TestMethodWorker.run(TestMethodWorker.java:109)
	at org.testng.TestRunner.privateRun(TestRunner.java:648)
	at org.testng.TestRunner.run(TestRunner.java:505)
	at org.testng.SuiteRunner.runTest(SuiteRunner.java:455)
	at org.testng.SuiteRunner.runSequentially(SuiteRunner.java:450)
	at org.testng.SuiteRunner.privateRun(SuiteRunner.java:415)
	at org.testng.SuiteRunner.run(SuiteRunner.java:364)
	at org.testng.SuiteRunnerWorker.runSuite(SuiteRunnerWorker.java:52)
	at org.testng.SuiteRunnerWorker.run(SuiteRunnerWorker.java:84)
	at org.testng.TestNG.runSuitesSequentially(TestNG.java:1208)
	at org.testng.TestNG.runSuitesLocally(TestNG.java:1137)
	at org.testng.TestNG.runSuites(TestNG.java:1049)
	at org.testng.TestNG.run(TestNG.java:1017)
	at org.apache.maven.surefire.testng.TestNGExecutor.run(TestNGExecutor.java:77)
	at org.apache.maven.surefire.testng.TestNGDirectoryTestSuite.executeMulti(TestNGDirectoryTestSuite.java:159)
	at org.apache.maven.surefire.testng.TestNGDirectoryTestSuite.execute(TestNGDirectoryTestSuite.java:99)
	at org.apache.maven.surefire.testng.TestNGProvider.invoke(TestNGProvider.java:106)
	at sun.reflect.NativeMethodAccessorImpl.invoke0(Native Method)
	at sun.reflect.NativeMethodAccessorImpl.invoke(NativeMethodAccessorImpl.java:62)
	at sun.reflect.DelegatingMethodAccessorImpl.invoke(DelegatingMethodAccessorImpl.java:43)
	at java.lang.reflect.Method.invoke(Method.java:498)
	at org.apache.maven.surefire.util.ReflectionUtils.invokeMethodWithArray(ReflectionUtils.java:189)
	at org.apache.maven.surefire.booter.ProviderFactory$ProviderProxy.invoke(ProviderFactory.java:165)
	at org.apache.maven.surefire.booter.ProviderFactory.invokeProvider(ProviderFactory.java:85)
	at org.apache.maven.surefire.booter.ForkedBooter.runSuitesInProcess(ForkedBooter.java:115)
	at org.apache.maven.surefire.booter.ForkedBooter.main(ForkedBooter.java:75)
</pre></div></td>
<td>0</td>
<td>com.guruEcommerce.qa.testcases.cartPageTest@2344fc66</td></tr>
</table><p>
<table width='100%' border='1' class='invocation-passed'>
<tr><td colspan='4' align='center'><b>PASSED TESTS</b></td></tr>
<tr><td><b>Test method</b></td>
<td width="30%"><b>Exception</b></td>
<td width="10%"><b>Time (seconds)</b></td>
<td><b>Instance</b></td>
</tr>
<tr>
<td title='com.guruEcommerce.qa.testcases.cartPageTest.cartPageTitleTest()'><b>cartPageTitleTest</b><br>Test class: com.guruEcommerce.qa.testcases.cartPageTest</td>
<td></td>
<td>0</td>
<td>com.guruEcommerce.qa.testcases.cartPageTest@2344fc66</td></tr>
<tr>
<td title='com.guruEcommerce.qa.testcases.cartPageTest.clickingEmptyCartTest()'><b>clickingEmptyCartTest</b><br>Test class: com.guruEcommerce.qa.testcases.cartPageTest</td>
<td></td>
<td>1</td>
<td>com.guruEcommerce.qa.testcases.cartPageTest@2344fc66</td></tr>
<tr>
<td title='com.guruEcommerce.qa.testcases.compareProductPageTest.closingCompareProductPageTest()'><b>closingCompareProductPageTest</b><br>Test class: com.guruEcommerce.qa.testcases.compareProductPageTest</td>
<td></td>
<td>0</td>
<td>com.guruEcommerce.qa.testcases.compareProductPageTest@458ad742</td></tr>
<tr>
<td title='com.guruEcommerce.qa.testcases.mobilePageTest.compareButtonDisplayTest()'><b>compareButtonDisplayTest</b><br>Test class: com.guruEcommerce.qa.testcases.mobilePageTest</td>
<td></td>
<td>11</td>
<td>com.guruEcommerce.qa.testcases.mobilePageTest@6a024a67</td></tr>
<tr>
<td title='com.guruEcommerce.qa.testcases.compareProductPageTest.comparingProductsPageTitleTest()'><b>comparingProductsPageTitleTest</b><br>Test class: com.guruEcommerce.qa.testcases.compareProductPageTest</td>
<td></td>
<td>0</td>
<td>com.guruEcommerce.qa.testcases.compareProductPageTest@458ad742</td></tr>
<tr>
<td title='com.guruEcommerce.qa.testcases.registrationPageTest.createNewAccountTest()'><b>createNewAccountTest</b><br>Test class: com.guruEcommerce.qa.testcases.registrationPageTest<br>Parameters: Sachin, P, sachin@test.com, pass1234, pass1234</td>
<td></td>
<td>1</td>
<td>com.guruEcommerce.qa.testcases.registrationPageTest@7921b0a2</td></tr>
<tr>
<td title='com.guruEcommerce.qa.testcases.registrationPageTest.createNewAccountTest()'><b>createNewAccountTest</b><br>Test class: com.guruEcommerce.qa.testcases.registrationPageTest<br>Parameters: Anil, Kumbhar, anil@test.com, pass1234, pass1234</td>
<td></td>
<td>0</td>
<td>com.guruEcommerce.qa.testcases.registrationPageTest@7921b0a2</td></tr>
<tr>
<td title='com.guruEcommerce.qa.testcases.registrationPageTest.createNewAccountTest()'><b>createNewAccountTest</b><br>Test class: com.guruEcommerce.qa.testcases.registrationPageTest<br>Parameters: Rajesh, Shah, rajesh@test.com, test123, test123</td>
<td></td>
<td>0</td>
<td>com.guruEcommerce.qa.testcases.registrationPageTest@7921b0a2</td></tr>
<tr>
<td title='com.guruEcommerce.qa.testcases.cartPageTest.isVisisbleUpdateButtonTest()'><b>isVisisbleUpdateButtonTest</b><br>Test class: com.guruEcommerce.qa.testcases.cartPageTest</td>
<td></td>
<td>0</td>
<td>com.guruEcommerce.qa.testcases.cartPageTest@2344fc66</td></tr>
<tr>
<td title='com.guruEcommerce.qa.testcases.loginPageTest.logInPageTitleTest()'><b>logInPageTitleTest</b><br>Test class: com.guruEcommerce.qa.testcases.loginPageTest</td>
<td></td>
<td>0</td>
<td>com.guruEcommerce.qa.testcases.loginPageTest@6ea12c19</td></tr>
<tr>
<td title='com.guruEcommerce.qa.testcases.compareProductPageTest.productComparePageHeaderTest()'><b>productComparePageHeaderTest</b><br>Test class: com.guruEcommerce.qa.testcases.compareProductPageTest</td>
<td></td>
<td>0</td>
<td>com.guruEcommerce.qa.testcases.compareProductPageTest@458ad742</td></tr>
<tr>
<td title='com.guruEcommerce.qa.testcases.registrationPageTest.registrationPageTitleTest()'><b>registrationPageTitleTest</b><br>Test class: com.guruEcommerce.qa.testcases.registrationPageTest</td>
<td></td>
<td>0</td>
<td>com.guruEcommerce.qa.testcases.registrationPageTest@7921b0a2</td></tr>
<tr>
<td title='com.guruEcommerce.qa.testcases.cartPageTest.updateButtonVisibilityPostQuantityChange()'><b>updateButtonVisibilityPostQuantityChange</b><br>Test class: com.guruEcommerce.qa.testcases.cartPageTest</td>
<td></td>
<td>0</td>
<td>com.guruEcommerce.qa.testcases.cartPageTest@2344fc66</td></tr>
<tr>
<td title='com.guruEcommerce.qa.testcases.mobilePageTest.validateCostReading()'><b>validateCostReading</b><br>Test class: com.guruEcommerce.qa.testcases.mobilePageTest</td>
<td></td>
<td>0</td>
<td>com.guruEcommerce.qa.testcases.mobilePageTest@6a024a67</td></tr>
<tr>
<td title='com.guruEcommerce.qa.testcases.homePageTest.validateHomePageTitle()'><b>validateHomePageTitle</b><br>Test class: com.guruEcommerce.qa.testcases.homePageTest</td>
<td></td>
<td>0</td>
<td>com.guruEcommerce.qa.testcases.homePageTest@5afa04c</td></tr>
<tr>
<td title='com.guruEcommerce.qa.testcases.mobilePageTest.validateMobilePageTitleTest()'><b>validateMobilePageTitleTest</b><br>Test class: com.guruEcommerce.qa.testcases.mobilePageTest</td>
<td></td>
<td>0</td>
<td>com.guruEcommerce.qa.testcases.mobilePageTest@6a024a67</td></tr>
<tr>
<td title='com.guruEcommerce.qa.testcases.xperiaDetailPageTest.validateShowPrice()'><b>validateShowPrice</b><br>Test class: com.guruEcommerce.qa.testcases.xperiaDetailPageTest</td>
<td></td>
<td>0</td>
<td>com.guruEcommerce.qa.testcases.xperiaDetailPageTest@174d20a</td></tr>
<tr>
<td title='com.guruEcommerce.qa.testcases.mobilePageTest.validateSortItems()'><b>validateSortItems</b><br>Test class: com.guruEcommerce.qa.testcases.mobilePageTest</td>
<td></td>
<td>0</td>
<td>com.guruEcommerce.qa.testcases.mobilePageTest@6a024a67</td></tr>
<tr>
<td title='com.guruEcommerce.qa.testcases.xperiaDetailPageTest.validateXperiaDetailPageTitleTest()'><b>validateXperiaDetailPageTitleTest</b><br>Test class: com.guruEcommerce.qa.testcases.xperiaDetailPageTest</td>
<td></td>
<td>0</td>
<td>com.guruEcommerce.qa.testcases.xperiaDetailPageTest@174d20a</td></tr>
<tr>
<td title='com.guruEcommerce.qa.testcases.xperiaDetailPageTest.validateXperiaProductName()'><b>validateXperiaProductName</b><br>Test class: com.guruEcommerce.qa.testcases.xperiaDetailPageTest</td>
<td></td>
<td>0</td>
<td>com.guruEcommerce.qa.testcases.xperiaDetailPageTest@174d20a</td></tr>
<tr>
<td title='com.guruEcommerce.qa.testcases.compareProductPageTest.verifyingDisplayedProducts()'><b>verifyingDisplayedProducts</b><br>Test class: com.guruEcommerce.qa.testcases.compareProductPageTest</td>
<td></td>
<td>10</td>
<td>com.guruEcommerce.qa.testcases.compareProductPageTest@458ad742</td></tr>
</table><p>
</body>
</html>