<?xml version="1.0" encoding="UTF-8"?>
<!-- Generated by org.testng.reporters.JUnitXMLReporter -->
<testsuite hostname="bimanb01-mac" ignored="0" name="Command line test" tests="23" failures="2" timestamp="08 Mar 2020 19:25:43 GMT" time="151.513" errors="0">
  <testcase name="accountCreationSuccessMessageTest" time="12.066" classname="com.guruEcommerce.qa.testcases.accountPageTest">
    <failure type="org.openqa.selenium.NoSuchElementException" message="no such element: Unable to locate element: {&amp;quot;method&amp;quot;:&amp;quot;xpath&amp;quot;,&amp;quot;selector&amp;quot;:&amp;quot;//li[@class=&amp;apos;success-msg&amp;apos;]&amp;quot;}
  (Session info: chrome=80.0.3987.132)
For documentation on this error, please visit: https://www.seleniumhq.org/exceptions/no_such_element.html
Build info: version: &amp;apos;3.141.59&amp;apos;, revision: &amp;apos;e82be7d358&amp;apos;, time: &amp;apos;2018-11-14T08:17:03&amp;apos;
System info: host: &amp;apos;bimanb01-mac&amp;apos;, ip: &amp;apos;2001:1c04:2a02:a600:f117:9c07:a609:f582&amp;apos;, os.name: &amp;apos;Mac OS X&amp;apos;, os.arch: &amp;apos;x86_64&amp;apos;, os.version: &amp;apos;10.12.6&amp;apos;, java.version: &amp;apos;1.8.0_121&amp;apos;
Driver info: org.openqa.selenium.chrome.ChromeDriver
Capabilities {acceptInsecureCerts: false, browserName: chrome, browserVersion: 80.0.3987.132, chrome: {chromedriverVersion: 79.0.3945.36 (3582db32b3389..., userDataDir: /var/folders/h_/mflpb01j1cb...}, goog:chromeOptions: {debuggerAddress: localhost:54728}, javascriptEnabled: true, networkConnectionEnabled: false, pageLoadStrategy: normal, platform: MAC, platformName: MAC, proxy: Proxy(), setWindowRect: true, strictFileInteractability: false, timeouts: {implicit: 0, pageLoad: 300000, script: 30000}, unhandledPromptBehavior: dismiss and notify}
Session ID: fd6d31172f4368137d6b44b85ccbf97b
*** Element info: {Using=xpath, value=//li[@class=&amp;apos;success-msg&amp;apos;]}">
      <![CDATA[org.openqa.selenium.NoSuchElementException: no such element: Unable to locate element: {"method":"xpath","selector":"//li[@class='success-msg']"}
  (Session info: chrome=80.0.3987.132)
For documentation on this error, please visit: https://www.seleniumhq.org/exceptions/no_such_element.html
Build info: version: '3.141.59', revision: 'e82be7d358', time: '2018-11-14T08:17:03'
System info: host: 'bimanb01-mac', ip: '2001:1c04:2a02:a600:f117:9c07:a609:f582', os.name: 'Mac OS X', os.arch: 'x86_64', os.version: '10.12.6', java.version: '1.8.0_121'
Driver info: org.openqa.selenium.chrome.ChromeDriver
Capabilities {acceptInsecureCerts: false, browserName: chrome, browserVersion: 80.0.3987.132, chrome: {chromedriverVersion: 79.0.3945.36 (3582db32b3389..., userDataDir: /var/folders/h_/mflpb01j1cb...}, goog:chromeOptions: {debuggerAddress: localhost:54728}, javascriptEnabled: true, networkConnectionEnabled: false, pageLoadStrategy: normal, platform: MAC, platformName: MAC, proxy: Proxy(), setWindowRect: true, strictFileInteractability: false, timeouts: {implicit: 0, pageLoad: 300000, script: 30000}, unhandledPromptBehavior: dismiss and notify}
Session ID: fd6d31172f4368137d6b44b85ccbf97b
*** Element info: {Using=xpath, value=//li[@class='success-msg']}
at org.openqa.selenium.remote.http.W3CHttpResponseCodec.createException(W3CHttpResponseCodec.java:187)
at org.openqa.selenium.remote.http.W3CHttpResponseCodec.decode(W3CHttpResponseCodec.java:122)
at org.openqa.selenium.remote.http.W3CHttpResponseCodec.decode(W3CHttpResponseCodec.java:49)
at org.openqa.selenium.remote.HttpCommandExecutor.execute(HttpCommandExecutor.java:158)
at org.openqa.selenium.remote.service.DriverCommandExecutor.execute(DriverCommandExecutor.java:83)
at org.openqa.selenium.remote.RemoteWebDriver.execute(RemoteWebDriver.java:552)
at org.openqa.selenium.remote.RemoteWebDriver.findElement(RemoteWebDriver.java:323)
at org.openqa.selenium.remote.RemoteWebDriver.findElementByXPath(RemoteWebDriver.java:428)
at org.openqa.selenium.By$ByXPath.findElement(By.java:353)
at org.openqa.selenium.remote.RemoteWebDriver.findElement(RemoteWebDriver.java:315)
at org.openqa.selenium.support.events.EventFiringWebDriver.lambda$new$1(EventFiringWebDriver.java:105)
at com.sun.proxy.$Proxy7.findElement(Unknown Source)
at org.openqa.selenium.support.events.EventFiringWebDriver.findElement(EventFiringWebDriver.java:194)
at org.openqa.selenium.support.pagefactory.DefaultElementLocator.findElement(DefaultElementLocator.java:69)
at org.openqa.selenium.support.pagefactory.internal.LocatingElementHandler.invoke(LocatingElementHandler.java:38)
at com.sun.proxy.$Proxy11.getText(Unknown Source)
at com.guruEcommerce.qa.pages.accountPage.accountCreateSuccessMessage(accountPage.java:27)
at com.guruEcommerce.qa.testcases.accountPageTest.accountCreationSuccessMessageTest(accountPageTest.java:42)
... Removed 43 stack frames]]>
    </failure>
  </testcase> <!-- accountCreationSuccessMessageTest -->
  <testcase name="cartPageTitleTest" time="0.026" classname="com.guruEcommerce.qa.testcases.cartPageTest"/>
  <testcase name="clickingEmptyCartTest" time="1.62" classname="com.guruEcommerce.qa.testcases.cartPageTest"/>
  <testcase name="isVisisbleUpdateButtonTest" time="0.07" classname="com.guruEcommerce.qa.testcases.cartPageTest"/>
  <testcase name="updateButtonVisibilityPostQuantityChange" time="0.176" classname="com.guruEcommerce.qa.testcases.cartPageTest"/>
  <testcase name="verifyDisplayErrorMessage" time="0.797" classname="com.guruEcommerce.qa.testcases.cartPageTest">
    <failure type="java.lang.AssertionError" message="expected:&amp;lt;* The maximum quantity allowed for purchase is 500.&amp;gt; but was:&amp;lt;The requested quantity for Sony Xperia is not available&amp;gt;">
      <![CDATA[java.lang.AssertionError: expected:<* The maximum quantity allowed for purchase is 500.> but was:<The requested quantity for Sony Xperia is not available>
at com.guruEcommerce.qa.testcases.cartPageTest.verifyDisplayErrorMessage(cartPageTest.java:59)
... Removed 37 stack frames]]>
    </failure>
  </testcase> <!-- verifyDisplayErrorMessage -->
  <testcase name="closingCompareProductPageTest" time="0.724" classname="com.guruEcommerce.qa.testcases.compareProductPageTest"/>
  <testcase name="comparingProductsPageTitleTest" time="0.588" classname="com.guruEcommerce.qa.testcases.compareProductPageTest"/>
  <testcase name="productComparePageHeaderTest" time="0.623" classname="com.guruEcommerce.qa.testcases.compareProductPageTest"/>
  <testcase name="verifyingDisplayedProducts" time="10.672" classname="com.guruEcommerce.qa.testcases.compareProductPageTest"/>
  <testcase name="validateHomePageTitle" time="0.006" classname="com.guruEcommerce.qa.testcases.homePageTest"/>
  <testcase name="logInPageTitleTest" time="0.009" classname="com.guruEcommerce.qa.testcases.loginPageTest"/>
  <testcase name="compareButtonDisplayTest" time="11.058" classname="com.guruEcommerce.qa.testcases.mobilePageTest"/>
  <testcase name="validateCostReading" time="0.131" classname="com.guruEcommerce.qa.testcases.mobilePageTest"/>
  <testcase name="validateMobilePageTitleTest" time="0.004" classname="com.guruEcommerce.qa.testcases.mobilePageTest"/>
  <testcase name="validateSortItems" time="0.708" classname="com.guruEcommerce.qa.testcases.mobilePageTest"/>
  <testcase name="createNewAccountTest" time="1.008" classname="com.guruEcommerce.qa.testcases.registrationPageTest"/>
  <testcase name="createNewAccountTest" time="0.967" classname="com.guruEcommerce.qa.testcases.registrationPageTest"/>
  <testcase name="createNewAccountTest" time="0.938" classname="com.guruEcommerce.qa.testcases.registrationPageTest"/>
  <testcase name="registrationPageTitleTest" time="0.006" classname="com.guruEcommerce.qa.testcases.registrationPageTest"/>
  <testcase name="validateShowPrice" time="0.063" classname="com.guruEcommerce.qa.testcases.xperiaDetailPageTest"/>
  <testcase name="validateXperiaDetailPageTitleTest" time="0.006" classname="com.guruEcommerce.qa.testcases.xperiaDetailPageTest"/>
  <testcase name="validateXperiaProductName" time="0.031" classname="com.guruEcommerce.qa.testcases.xperiaDetailPageTest"/>
</testsuite> <!-- Command line test -->
