<?xml version="1.0" encoding="UTF-8"?>
<testng-results skipped="0" failed="2" ignored="0" total="23" passed="21">
  <reporter-output>
  </reporter-output>
  <suite name="Command line suite" duration-ms="151513" started-at="2020-03-08T19:23:12Z" finished-at="2020-03-08T19:25:43Z">
    <groups>
    </groups>
    <test name="Command line test" duration-ms="151513" started-at="2020-03-08T19:23:12Z" finished-at="2020-03-08T19:25:43Z">
      <class name="com.guruEcommerce.qa.testcases.cartPageTest">
        <test-method status="PASS" signature="setUp()[pri:0, instance:com.guruEcommerce.qa.testcases.cartPageTest@2344fc66]" name="setUp" is-config="true" duration-ms="4733" started-at="2020-03-08T19:23:30Z" finished-at="2020-03-08T19:23:34Z">
          <reporter-output>
          </reporter-output>
        </test-method> <!-- setUp -->
        <test-method status="PASS" signature="cartPageTitleTest()[pri:0, instance:com.guruEcommerce.qa.testcases.cartPageTest@2344fc66]" name="cartPageTitleTest" duration-ms="26" started-at="2020-03-08T19:23:34Z" finished-at="2020-03-08T19:23:34Z">
          <reporter-output>
          </reporter-output>
        </test-method> <!-- cartPageTitleTest -->
        <test-method status="PASS" signature="tearDown()[pri:0, instance:com.guruEcommerce.qa.testcases.cartPageTest@2344fc66]" name="tearDown" is-config="true" duration-ms="89" started-at="2020-03-08T19:23:34Z" finished-at="2020-03-08T19:23:34Z">
          <reporter-output>
          </reporter-output>
        </test-method> <!-- tearDown -->
        <test-method status="PASS" signature="setUp()[pri:0, instance:com.guruEcommerce.qa.testcases.cartPageTest@2344fc66]" name="setUp" is-config="true" duration-ms="4612" started-at="2020-03-08T19:23:34Z" finished-at="2020-03-08T19:23:39Z">
          <reporter-output>
          </reporter-output>
        </test-method> <!-- setUp -->
        <test-method status="PASS" signature="clickingEmptyCartTest()[pri:0, instance:com.guruEcommerce.qa.testcases.cartPageTest@2344fc66]" name="clickingEmptyCartTest" duration-ms="1620" started-at="2020-03-08T19:23:39Z" finished-at="2020-03-08T19:23:41Z">
          <reporter-output>
          </reporter-output>
        </test-method> <!-- clickingEmptyCartTest -->
        <test-method status="PASS" signature="tearDown()[pri:0, instance:com.guruEcommerce.qa.testcases.cartPageTest@2344fc66]" name="tearDown" is-config="true" duration-ms="149" started-at="2020-03-08T19:23:41Z" finished-at="2020-03-08T19:23:41Z">
          <reporter-output>
          </reporter-output>
        </test-method> <!-- tearDown -->
        <test-method status="PASS" signature="setUp()[pri:0, instance:com.guruEcommerce.qa.testcases.cartPageTest@2344fc66]" name="setUp" is-config="true" duration-ms="4304" started-at="2020-03-08T19:23:41Z" finished-at="2020-03-08T19:23:45Z">
          <reporter-output>
          </reporter-output>
        </test-method> <!-- setUp -->
        <test-method status="PASS" signature="isVisisbleUpdateButtonTest()[pri:0, instance:com.guruEcommerce.qa.testcases.cartPageTest@2344fc66]" name="isVisisbleUpdateButtonTest" duration-ms="70" started-at="2020-03-08T19:23:45Z" finished-at="2020-03-08T19:23:45Z">
          <reporter-output>
          </reporter-output>
        </test-method> <!-- isVisisbleUpdateButtonTest -->
        <test-method status="PASS" signature="tearDown()[pri:0, instance:com.guruEcommerce.qa.testcases.cartPageTest@2344fc66]" name="tearDown" is-config="true" duration-ms="84" started-at="2020-03-08T19:23:45Z" finished-at="2020-03-08T19:23:45Z">
          <reporter-output>
          </reporter-output>
        </test-method> <!-- tearDown -->
        <test-method status="PASS" signature="setUp()[pri:0, instance:com.guruEcommerce.qa.testcases.cartPageTest@2344fc66]" name="setUp" is-config="true" duration-ms="4649" started-at="2020-03-08T19:23:45Z" finished-at="2020-03-08T19:23:50Z">
          <reporter-output>
          </reporter-output>
        </test-method> <!-- setUp -->
        <test-method status="PASS" signature="updateButtonVisibilityPostQuantityChange()[pri:0, instance:com.guruEcommerce.qa.testcases.cartPageTest@2344fc66]" name="updateButtonVisibilityPostQuantityChange" duration-ms="176" started-at="2020-03-08T19:23:50Z" finished-at="2020-03-08T19:23:50Z">
          <reporter-output>
          </reporter-output>
        </test-method> <!-- updateButtonVisibilityPostQuantityChange -->
        <test-method status="PASS" signature="tearDown()[pri:0, instance:com.guruEcommerce.qa.testcases.cartPageTest@2344fc66]" name="tearDown" is-config="true" duration-ms="136" started-at="2020-03-08T19:23:50Z" finished-at="2020-03-08T19:23:50Z">
          <reporter-output>
          </reporter-output>
        </test-method> <!-- tearDown -->
        <test-method status="PASS" signature="setUp()[pri:0, instance:com.guruEcommerce.qa.testcases.cartPageTest@2344fc66]" name="setUp" is-config="true" duration-ms="4457" started-at="2020-03-08T19:23:50Z" finished-at="2020-03-08T19:23:55Z">
          <reporter-output>
          </reporter-output>
        </test-method> <!-- setUp -->
        <test-method status="FAIL" signature="verifyDisplayErrorMessage()[pri:0, instance:com.guruEcommerce.qa.testcases.cartPageTest@2344fc66]" name="verifyDisplayErrorMessage" duration-ms="797" started-at="2020-03-08T19:23:55Z" finished-at="2020-03-08T19:23:56Z">
          <exception class="java.lang.AssertionError">
            <message>
              <![CDATA[expected:<* The maximum quantity allowed for purchase is 500.> but was:<The requested quantity for Sony Xperia is not available>]]>
            </message>
            <full-stacktrace>
              <![CDATA[java.lang.AssertionError: expected:<* The maximum quantity allowed for purchase is 500.> but was:<The requested quantity for Sony Xperia is not available>
at org.testng.AssertJUnit.assertEquals(AssertJUnit.java:101)
at org.testng.AssertJUnit.assertEquals(AssertJUnit.java:108)
at com.guruEcommerce.qa.testcases.cartPageTest.verifyDisplayErrorMessage(cartPageTest.java:59)
at sun.reflect.NativeMethodAccessorImpl.invoke0(Native Method)
at sun.reflect.NativeMethodAccessorImpl.invoke(NativeMethodAccessorImpl.java:62)
at sun.reflect.DelegatingMethodAccessorImpl.invoke(DelegatingMethodAccessorImpl.java:43)
at java.lang.reflect.Method.invoke(Method.java:498)
at org.testng.internal.MethodInvocationHelper.invokeMethod(MethodInvocationHelper.java:124)
at org.testng.internal.Invoker.invokeMethod(Invoker.java:580)
at org.testng.internal.Invoker.invokeTestMethod(Invoker.java:716)
at org.testng.internal.Invoker.invokeTestMethods(Invoker.java:988)
at org.testng.internal.TestMethodWorker.invokeTestMethods(TestMethodWorker.java:125)
at org.testng.internal.TestMethodWorker.run(TestMethodWorker.java:109)
at org.testng.TestRunner.privateRun(TestRunner.java:648)
at org.testng.TestRunner.run(TestRunner.java:505)
at org.testng.SuiteRunner.runTest(SuiteRunner.java:455)
at org.testng.SuiteRunner.runSequentially(SuiteRunner.java:450)
at org.testng.SuiteRunner.privateRun(SuiteRunner.java:415)
at org.testng.SuiteRunner.run(SuiteRunner.java:364)
at org.testng.SuiteRunnerWorker.runSuite(SuiteRunnerWorker.java:52)
at org.testng.SuiteRunnerWorker.run(SuiteRunnerWorker.java:84)
at org.testng.TestNG.runSuitesSequentially(TestNG.java:1208)
at org.testng.TestNG.runSuitesLocally(TestNG.java:1137)
at org.testng.TestNG.runSuites(TestNG.java:1049)
at org.testng.TestNG.run(TestNG.java:1017)
at org.apache.maven.surefire.testng.TestNGExecutor.run(TestNGExecutor.java:77)
at org.apache.maven.surefire.testng.TestNGDirectoryTestSuite.executeMulti(TestNGDirectoryTestSuite.java:159)
at org.apache.maven.surefire.testng.TestNGDirectoryTestSuite.execute(TestNGDirectoryTestSuite.java:99)
at org.apache.maven.surefire.testng.TestNGProvider.invoke(TestNGProvider.java:106)
at sun.reflect.NativeMethodAccessorImpl.invoke0(Native Method)
at sun.reflect.NativeMethodAccessorImpl.invoke(NativeMethodAccessorImpl.java:62)
at sun.reflect.DelegatingMethodAccessorImpl.invoke(DelegatingMethodAccessorImpl.java:43)
at java.lang.reflect.Method.invoke(Method.java:498)
at org.apache.maven.surefire.util.ReflectionUtils.invokeMethodWithArray(ReflectionUtils.java:189)
at org.apache.maven.surefire.booter.ProviderFactory$ProviderProxy.invoke(ProviderFactory.java:165)
at org.apache.maven.surefire.booter.ProviderFactory.invokeProvider(ProviderFactory.java:85)
at org.apache.maven.surefire.booter.ForkedBooter.runSuitesInProcess(ForkedBooter.java:115)
at org.apache.maven.surefire.booter.ForkedBooter.main(ForkedBooter.java:75)
]]>
            </full-stacktrace>
          </exception> <!-- java.lang.AssertionError -->
          <reporter-output>
          </reporter-output>
        </test-method> <!-- verifyDisplayErrorMessage -->
        <test-method status="PASS" signature="tearDown()[pri:0, instance:com.guruEcommerce.qa.testcases.cartPageTest@2344fc66]" name="tearDown" is-config="true" duration-ms="83" started-at="2020-03-08T19:23:56Z" finished-at="2020-03-08T19:23:56Z">
          <reporter-output>
          </reporter-output>
        </test-method> <!-- tearDown -->
      </class> <!-- com.guruEcommerce.qa.testcases.cartPageTest -->
      <class name="com.guruEcommerce.qa.testcases.loginPageTest">
        <test-method status="PASS" signature="setUp()[pri:0, instance:com.guruEcommerce.qa.testcases.loginPageTest@6ea12c19]" name="setUp" is-config="true" duration-ms="3394" started-at="2020-03-08T19:24:33Z" finished-at="2020-03-08T19:24:37Z">
          <reporter-output>
          </reporter-output>
        </test-method> <!-- setUp -->
        <test-method status="PASS" signature="logInPageTitleTest()[pri:0, instance:com.guruEcommerce.qa.testcases.loginPageTest@6ea12c19]" name="logInPageTitleTest" duration-ms="9" started-at="2020-03-08T19:24:37Z" finished-at="2020-03-08T19:24:37Z">
          <reporter-output>
          </reporter-output>
        </test-method> <!-- logInPageTitleTest -->
        <test-method status="PASS" signature="tearDown()[pri:0, instance:com.guruEcommerce.qa.testcases.loginPageTest@6ea12c19]" name="tearDown" is-config="true" duration-ms="86" started-at="2020-03-08T19:24:37Z" finished-at="2020-03-08T19:24:37Z">
          <reporter-output>
          </reporter-output>
        </test-method> <!-- tearDown -->
      </class> <!-- com.guruEcommerce.qa.testcases.loginPageTest -->
      <class name="com.guruEcommerce.qa.testcases.homePageTest">
        <test-method status="PASS" signature="setUp()[pri:0, instance:com.guruEcommerce.qa.testcases.homePageTest@5afa04c]" name="setUp" is-config="true" duration-ms="2951" started-at="2020-03-08T19:24:30Z" finished-at="2020-03-08T19:24:33Z">
          <reporter-output>
          </reporter-output>
        </test-method> <!-- setUp -->
        <test-method status="PASS" signature="validateHomePageTitle()[pri:0, instance:com.guruEcommerce.qa.testcases.homePageTest@5afa04c]" name="validateHomePageTitle" duration-ms="6" started-at="2020-03-08T19:24:33Z" finished-at="2020-03-08T19:24:33Z">
          <reporter-output>
          </reporter-output>
        </test-method> <!-- validateHomePageTitle -->
        <test-method status="PASS" signature="tearDown()[pri:0, instance:com.guruEcommerce.qa.testcases.homePageTest@5afa04c]" name="tearDown" is-config="true" duration-ms="77" started-at="2020-03-08T19:24:33Z" finished-at="2020-03-08T19:24:33Z">
          <reporter-output>
          </reporter-output>
        </test-method> <!-- tearDown -->
      </class> <!-- com.guruEcommerce.qa.testcases.homePageTest -->
      <class name="com.guruEcommerce.qa.testcases.mobilePageTest">
        <test-method status="PASS" signature="setUp()[pri:0, instance:com.guruEcommerce.qa.testcases.mobilePageTest@6a024a67]" name="setUp" is-config="true" duration-ms="3855" started-at="2020-03-08T19:24:37Z" finished-at="2020-03-08T19:24:41Z">
          <reporter-output>
          </reporter-output>
        </test-method> <!-- setUp -->
        <test-method status="PASS" signature="compareButtonDisplayTest()[pri:0, instance:com.guruEcommerce.qa.testcases.mobilePageTest@6a024a67]" name="compareButtonDisplayTest" duration-ms="11058" started-at="2020-03-08T19:24:41Z" finished-at="2020-03-08T19:24:52Z">
          <reporter-output>
          </reporter-output>
        </test-method> <!-- compareButtonDisplayTest -->
        <test-method status="PASS" signature="tearDown()[pri:0, instance:com.guruEcommerce.qa.testcases.mobilePageTest@6a024a67]" name="tearDown" is-config="true" duration-ms="88" started-at="2020-03-08T19:24:52Z" finished-at="2020-03-08T19:24:52Z">
          <reporter-output>
          </reporter-output>
        </test-method> <!-- tearDown -->
        <test-method status="PASS" signature="setUp()[pri:0, instance:com.guruEcommerce.qa.testcases.mobilePageTest@6a024a67]" name="setUp" is-config="true" duration-ms="3926" started-at="2020-03-08T19:24:52Z" finished-at="2020-03-08T19:24:56Z">
          <reporter-output>
          </reporter-output>
        </test-method> <!-- setUp -->
        <test-method status="PASS" signature="validateCostReading()[pri:0, instance:com.guruEcommerce.qa.testcases.mobilePageTest@6a024a67]" name="validateCostReading" duration-ms="131" started-at="2020-03-08T19:24:56Z" finished-at="2020-03-08T19:24:56Z">
          <reporter-output>
          </reporter-output>
        </test-method> <!-- validateCostReading -->
        <test-method status="PASS" signature="tearDown()[pri:0, instance:com.guruEcommerce.qa.testcases.mobilePageTest@6a024a67]" name="tearDown" is-config="true" duration-ms="86" started-at="2020-03-08T19:24:56Z" finished-at="2020-03-08T19:24:56Z">
          <reporter-output>
          </reporter-output>
        </test-method> <!-- tearDown -->
        <test-method status="PASS" signature="setUp()[pri:0, instance:com.guruEcommerce.qa.testcases.mobilePageTest@6a024a67]" name="setUp" is-config="true" duration-ms="3784" started-at="2020-03-08T19:24:56Z" finished-at="2020-03-08T19:25:00Z">
          <reporter-output>
          </reporter-output>
        </test-method> <!-- setUp -->
        <test-method status="PASS" signature="validateMobilePageTitleTest()[pri:0, instance:com.guruEcommerce.qa.testcases.mobilePageTest@6a024a67]" name="validateMobilePageTitleTest" duration-ms="4" started-at="2020-03-08T19:25:00Z" finished-at="2020-03-08T19:25:00Z">
          <reporter-output>
          </reporter-output>
        </test-method> <!-- validateMobilePageTitleTest -->
        <test-method status="PASS" signature="tearDown()[pri:0, instance:com.guruEcommerce.qa.testcases.mobilePageTest@6a024a67]" name="tearDown" is-config="true" duration-ms="91" started-at="2020-03-08T19:25:00Z" finished-at="2020-03-08T19:25:00Z">
          <reporter-output>
          </reporter-output>
        </test-method> <!-- tearDown -->
        <test-method status="PASS" signature="setUp()[pri:0, instance:com.guruEcommerce.qa.testcases.mobilePageTest@6a024a67]" name="setUp" is-config="true" duration-ms="3892" started-at="2020-03-08T19:25:00Z" finished-at="2020-03-08T19:25:04Z">
          <reporter-output>
          </reporter-output>
        </test-method> <!-- setUp -->
        <test-method status="PASS" signature="validateSortItems()[pri:0, instance:com.guruEcommerce.qa.testcases.mobilePageTest@6a024a67]" name="validateSortItems" duration-ms="708" started-at="2020-03-08T19:25:04Z" finished-at="2020-03-08T19:25:05Z">
          <reporter-output>
          </reporter-output>
        </test-method> <!-- validateSortItems -->
        <test-method status="PASS" signature="tearDown()[pri:0, instance:com.guruEcommerce.qa.testcases.mobilePageTest@6a024a67]" name="tearDown" is-config="true" duration-ms="87" started-at="2020-03-08T19:25:05Z" finished-at="2020-03-08T19:25:05Z">
          <reporter-output>
          </reporter-output>
        </test-method> <!-- tearDown -->
      </class> <!-- com.guruEcommerce.qa.testcases.mobilePageTest -->
      <class name="com.guruEcommerce.qa.testcases.compareProductPageTest">
        <test-method status="PASS" signature="setUp()[pri:0, instance:com.guruEcommerce.qa.testcases.compareProductPageTest@458ad742]" name="setUp" is-config="true" duration-ms="5504" started-at="2020-03-08T19:23:56Z" finished-at="2020-03-08T19:24:01Z">
          <reporter-output>
          </reporter-output>
        </test-method> <!-- setUp -->
        <test-method status="PASS" signature="closingCompareProductPageTest()[pri:0, instance:com.guruEcommerce.qa.testcases.compareProductPageTest@458ad742]" name="closingCompareProductPageTest" duration-ms="724" started-at="2020-03-08T19:24:01Z" finished-at="2020-03-08T19:24:02Z">
          <reporter-output>
          </reporter-output>
        </test-method> <!-- closingCompareProductPageTest -->
        <test-method status="PASS" signature="tearDown()[pri:0, instance:com.guruEcommerce.qa.testcases.compareProductPageTest@458ad742]" name="tearDown" is-config="true" duration-ms="84" started-at="2020-03-08T19:24:02Z" finished-at="2020-03-08T19:24:02Z">
          <reporter-output>
          </reporter-output>
        </test-method> <!-- tearDown -->
        <test-method status="PASS" signature="setUp()[pri:0, instance:com.guruEcommerce.qa.testcases.compareProductPageTest@458ad742]" name="setUp" is-config="true" duration-ms="5331" started-at="2020-03-08T19:24:02Z" finished-at="2020-03-08T19:24:07Z">
          <reporter-output>
          </reporter-output>
        </test-method> <!-- setUp -->
        <test-method status="PASS" signature="comparingProductsPageTitleTest()[pri:0, instance:com.guruEcommerce.qa.testcases.compareProductPageTest@458ad742]" name="comparingProductsPageTitleTest" duration-ms="588" started-at="2020-03-08T19:24:07Z" finished-at="2020-03-08T19:24:08Z">
          <reporter-output>
          </reporter-output>
        </test-method> <!-- comparingProductsPageTitleTest -->
        <test-method status="PASS" signature="tearDown()[pri:0, instance:com.guruEcommerce.qa.testcases.compareProductPageTest@458ad742]" name="tearDown" is-config="true" duration-ms="89" started-at="2020-03-08T19:24:08Z" finished-at="2020-03-08T19:24:08Z">
          <reporter-output>
          </reporter-output>
        </test-method> <!-- tearDown -->
        <test-method status="PASS" signature="setUp()[pri:0, instance:com.guruEcommerce.qa.testcases.compareProductPageTest@458ad742]" name="setUp" is-config="true" duration-ms="5412" started-at="2020-03-08T19:24:08Z" finished-at="2020-03-08T19:24:13Z">
          <reporter-output>
          </reporter-output>
        </test-method> <!-- setUp -->
        <test-method status="PASS" signature="productComparePageHeaderTest()[pri:0, instance:com.guruEcommerce.qa.testcases.compareProductPageTest@458ad742]" name="productComparePageHeaderTest" duration-ms="623" started-at="2020-03-08T19:24:13Z" finished-at="2020-03-08T19:24:14Z">
          <reporter-output>
          </reporter-output>
        </test-method> <!-- productComparePageHeaderTest -->
        <test-method status="PASS" signature="tearDown()[pri:0, instance:com.guruEcommerce.qa.testcases.compareProductPageTest@458ad742]" name="tearDown" is-config="true" duration-ms="85" started-at="2020-03-08T19:24:14Z" finished-at="2020-03-08T19:24:14Z">
          <reporter-output>
          </reporter-output>
        </test-method> <!-- tearDown -->
        <test-method status="PASS" signature="setUp()[pri:0, instance:com.guruEcommerce.qa.testcases.compareProductPageTest@458ad742]" name="setUp" is-config="true" duration-ms="5623" started-at="2020-03-08T19:24:14Z" finished-at="2020-03-08T19:24:20Z">
          <reporter-output>
          </reporter-output>
        </test-method> <!-- setUp -->
        <test-method status="PASS" signature="verifyingDisplayedProducts()[pri:0, instance:com.guruEcommerce.qa.testcases.compareProductPageTest@458ad742]" name="verifyingDisplayedProducts" duration-ms="10672" started-at="2020-03-08T19:24:20Z" finished-at="2020-03-08T19:24:30Z">
          <reporter-output>
          </reporter-output>
        </test-method> <!-- verifyingDisplayedProducts -->
        <test-method status="PASS" signature="tearDown()[pri:0, instance:com.guruEcommerce.qa.testcases.compareProductPageTest@458ad742]" name="tearDown" is-config="true" duration-ms="93" started-at="2020-03-08T19:24:30Z" finished-at="2020-03-08T19:24:30Z">
          <reporter-output>
          </reporter-output>
        </test-method> <!-- tearDown -->
      </class> <!-- com.guruEcommerce.qa.testcases.compareProductPageTest -->
      <class name="com.guruEcommerce.qa.testcases.xperiaDetailPageTest">
        <test-method status="PASS" signature="setUp()[pri:0, instance:com.guruEcommerce.qa.testcases.xperiaDetailPageTest@174d20a]" name="setUp" is-config="true" duration-ms="6205" started-at="2020-03-08T19:25:24Z" finished-at="2020-03-08T19:25:30Z">
          <reporter-output>
          </reporter-output>
        </test-method> <!-- setUp -->
        <test-method status="PASS" signature="validateShowPrice()[pri:0, instance:com.guruEcommerce.qa.testcases.xperiaDetailPageTest@174d20a]" name="validateShowPrice" duration-ms="63" started-at="2020-03-08T19:25:30Z" finished-at="2020-03-08T19:25:30Z">
          <reporter-output>
          </reporter-output>
        </test-method> <!-- validateShowPrice -->
        <test-method status="PASS" signature="tearDown()[pri:0, instance:com.guruEcommerce.qa.testcases.xperiaDetailPageTest@174d20a]" name="tearDown" is-config="true" duration-ms="147" started-at="2020-03-08T19:25:30Z" finished-at="2020-03-08T19:25:31Z">
          <reporter-output>
          </reporter-output>
        </test-method> <!-- tearDown -->
        <test-method status="PASS" signature="setUp()[pri:0, instance:com.guruEcommerce.qa.testcases.xperiaDetailPageTest@174d20a]" name="setUp" is-config="true" duration-ms="6153" started-at="2020-03-08T19:25:31Z" finished-at="2020-03-08T19:25:37Z">
          <reporter-output>
          </reporter-output>
        </test-method> <!-- setUp -->
        <test-method status="PASS" signature="validateXperiaDetailPageTitleTest()[pri:0, instance:com.guruEcommerce.qa.testcases.xperiaDetailPageTest@174d20a]" name="validateXperiaDetailPageTitleTest" duration-ms="6" started-at="2020-03-08T19:25:37Z" finished-at="2020-03-08T19:25:37Z">
          <reporter-output>
          </reporter-output>
        </test-method> <!-- validateXperiaDetailPageTitleTest -->
        <test-method status="PASS" signature="tearDown()[pri:0, instance:com.guruEcommerce.qa.testcases.xperiaDetailPageTest@174d20a]" name="tearDown" is-config="true" duration-ms="85" started-at="2020-03-08T19:25:37Z" finished-at="2020-03-08T19:25:37Z">
          <reporter-output>
          </reporter-output>
        </test-method> <!-- tearDown -->
        <test-method status="PASS" signature="setUp()[pri:0, instance:com.guruEcommerce.qa.testcases.xperiaDetailPageTest@174d20a]" name="setUp" is-config="true" duration-ms="6407" started-at="2020-03-08T19:25:37Z" finished-at="2020-03-08T19:25:43Z">
          <reporter-output>
          </reporter-output>
        </test-method> <!-- setUp -->
        <test-method status="PASS" signature="validateXperiaProductName()[pri:0, instance:com.guruEcommerce.qa.testcases.xperiaDetailPageTest@174d20a]" name="validateXperiaProductName" duration-ms="31" started-at="2020-03-08T19:25:43Z" finished-at="2020-03-08T19:25:43Z">
          <reporter-output>
          </reporter-output>
        </test-method> <!-- validateXperiaProductName -->
        <test-method status="PASS" signature="tearDown()[pri:0, instance:com.guruEcommerce.qa.testcases.xperiaDetailPageTest@174d20a]" name="tearDown" is-config="true" duration-ms="91" started-at="2020-03-08T19:25:43Z" finished-at="2020-03-08T19:25:43Z">
          <reporter-output>
          </reporter-output>
        </test-method> <!-- tearDown -->
      </class> <!-- com.guruEcommerce.qa.testcases.xperiaDetailPageTest -->
      <class name="com.guruEcommerce.qa.testcases.registrationPageTest">
        <test-method status="PASS" signature="setUp()[pri:0, instance:com.guruEcommerce.qa.testcases.registrationPageTest@7921b0a2]" name="setUp" is-config="true" duration-ms="4090" started-at="2020-03-08T19:25:05Z" finished-at="2020-03-08T19:25:09Z">
          <reporter-output>
          </reporter-output>
        </test-method> <!-- setUp -->
        <test-method status="PASS" signature="createNewAccountTest(java.lang.String, java.lang.String, java.lang.String, java.lang.String, java.lang.String)[pri:0, instance:com.guruEcommerce.qa.testcases.registrationPageTest@7921b0a2]" name="createNewAccountTest" duration-ms="1008" started-at="2020-03-08T19:25:09Z" data-provider="readTestData" finished-at="2020-03-08T19:25:10Z">
          <params>
            <param index="0">
              <value>
                <![CDATA[Sachin]]>
              </value>
            </param>
            <param index="1">
              <value>
                <![CDATA[P]]>
              </value>
            </param>
            <param index="2">
              <value>
                <![CDATA[sachin@test.com]]>
              </value>
            </param>
            <param index="3">
              <value>
                <![CDATA[pass1234]]>
              </value>
            </param>
            <param index="4">
              <value>
                <![CDATA[pass1234]]>
              </value>
            </param>
          </params>
          <reporter-output>
          </reporter-output>
        </test-method> <!-- createNewAccountTest -->
        <test-method status="PASS" signature="tearDown()[pri:0, instance:com.guruEcommerce.qa.testcases.registrationPageTest@7921b0a2]" name="tearDown" is-config="true" duration-ms="86" started-at="2020-03-08T19:25:10Z" finished-at="2020-03-08T19:25:10Z">
          <reporter-output>
          </reporter-output>
        </test-method> <!-- tearDown -->
        <test-method status="PASS" signature="setUp()[pri:0, instance:com.guruEcommerce.qa.testcases.registrationPageTest@7921b0a2]" name="setUp" is-config="true" duration-ms="4179" started-at="2020-03-08T19:25:10Z" finished-at="2020-03-08T19:25:14Z">
          <reporter-output>
          </reporter-output>
        </test-method> <!-- setUp -->
        <test-method status="PASS" signature="createNewAccountTest(java.lang.String, java.lang.String, java.lang.String, java.lang.String, java.lang.String)[pri:0, instance:com.guruEcommerce.qa.testcases.registrationPageTest@7921b0a2]" name="createNewAccountTest" duration-ms="967" started-at="2020-03-08T19:25:14Z" data-provider="readTestData" finished-at="2020-03-08T19:25:15Z">
          <params>
            <param index="0">
              <value>
                <![CDATA[Anil]]>
              </value>
            </param>
            <param index="1">
              <value>
                <![CDATA[Kumbhar]]>
              </value>
            </param>
            <param index="2">
              <value>
                <![CDATA[anil@test.com]]>
              </value>
            </param>
            <param index="3">
              <value>
                <![CDATA[pass1234]]>
              </value>
            </param>
            <param index="4">
              <value>
                <![CDATA[pass1234]]>
              </value>
            </param>
          </params>
          <reporter-output>
          </reporter-output>
        </test-method> <!-- createNewAccountTest -->
        <test-method status="PASS" signature="tearDown()[pri:0, instance:com.guruEcommerce.qa.testcases.registrationPageTest@7921b0a2]" name="tearDown" is-config="true" duration-ms="92" started-at="2020-03-08T19:25:15Z" finished-at="2020-03-08T19:25:15Z">
          <reporter-output>
          </reporter-output>
        </test-method> <!-- tearDown -->
        <test-method status="PASS" signature="setUp()[pri:0, instance:com.guruEcommerce.qa.testcases.registrationPageTest@7921b0a2]" name="setUp" is-config="true" duration-ms="3936" started-at="2020-03-08T19:25:15Z" finished-at="2020-03-08T19:25:19Z">
          <reporter-output>
          </reporter-output>
        </test-method> <!-- setUp -->
        <test-method status="PASS" signature="createNewAccountTest(java.lang.String, java.lang.String, java.lang.String, java.lang.String, java.lang.String)[pri:0, instance:com.guruEcommerce.qa.testcases.registrationPageTest@7921b0a2]" name="createNewAccountTest" duration-ms="938" started-at="2020-03-08T19:25:19Z" data-provider="readTestData" finished-at="2020-03-08T19:25:20Z">
          <params>
            <param index="0">
              <value>
                <![CDATA[Rajesh]]>
              </value>
            </param>
            <param index="1">
              <value>
                <![CDATA[Shah]]>
              </value>
            </param>
            <param index="2">
              <value>
                <![CDATA[rajesh@test.com]]>
              </value>
            </param>
            <param index="3">
              <value>
                <![CDATA[test123]]>
              </value>
            </param>
            <param index="4">
              <value>
                <![CDATA[test123]]>
              </value>
            </param>
          </params>
          <reporter-output>
          </reporter-output>
        </test-method> <!-- createNewAccountTest -->
        <test-method status="PASS" signature="tearDown()[pri:0, instance:com.guruEcommerce.qa.testcases.registrationPageTest@7921b0a2]" name="tearDown" is-config="true" duration-ms="88" started-at="2020-03-08T19:25:20Z" finished-at="2020-03-08T19:25:20Z">
          <reporter-output>
          </reporter-output>
        </test-method> <!-- tearDown -->
        <test-method status="PASS" signature="setUp()[pri:0, instance:com.guruEcommerce.qa.testcases.registrationPageTest@7921b0a2]" name="setUp" is-config="true" duration-ms="3954" started-at="2020-03-08T19:25:20Z" finished-at="2020-03-08T19:25:24Z">
          <reporter-output>
          </reporter-output>
        </test-method> <!-- setUp -->
        <test-method status="PASS" signature="registrationPageTitleTest()[pri:0, instance:com.guruEcommerce.qa.testcases.registrationPageTest@7921b0a2]" name="registrationPageTitleTest" duration-ms="6" started-at="2020-03-08T19:25:24Z" finished-at="2020-03-08T19:25:24Z">
          <reporter-output>
          </reporter-output>
        </test-method> <!-- registrationPageTitleTest -->
        <test-method status="PASS" signature="tearDown()[pri:0, instance:com.guruEcommerce.qa.testcases.registrationPageTest@7921b0a2]" name="tearDown" is-config="true" duration-ms="142" started-at="2020-03-08T19:25:24Z" finished-at="2020-03-08T19:25:24Z">
          <reporter-output>
          </reporter-output>
        </test-method> <!-- tearDown -->
      </class> <!-- com.guruEcommerce.qa.testcases.registrationPageTest -->
      <class name="com.guruEcommerce.qa.testcases.accountPageTest">
        <test-method status="PASS" signature="setUp()[pri:0, instance:com.guruEcommerce.qa.testcases.accountPageTest@2669b199]" name="setUp" is-config="true" duration-ms="5127" started-at="2020-03-08T19:23:12Z" finished-at="2020-03-08T19:23:18Z">
          <reporter-output>
          </reporter-output>
        </test-method> <!-- setUp -->
        <test-method status="FAIL" signature="accountCreationSuccessMessageTest(java.lang.String, java.lang.String, java.lang.String, java.lang.String, java.lang.String)[pri:0, instance:com.guruEcommerce.qa.testcases.accountPageTest@2669b199]" name="accountCreationSuccessMessageTest" duration-ms="12066" started-at="2020-03-08T19:23:18Z" data-provider="readTestData" finished-at="2020-03-08T19:23:30Z">
          <params>
            <param index="0">
              <value>
                <![CDATA[Sachin]]>
              </value>
            </param>
            <param index="1">
              <value>
                <![CDATA[P]]>
              </value>
            </param>
            <param index="2">
              <value>
                <![CDATA[sachinp11@test.com]]>
              </value>
            </param>
            <param index="3">
              <value>
                <![CDATA[pass1234]]>
              </value>
            </param>
            <param index="4">
              <value>
                <![CDATA[pass1234]]>
              </value>
            </param>
          </params>
          <exception class="org.openqa.selenium.NoSuchElementException">
            <message>
              <![CDATA[no such element: Unable to locate element: {"method":"xpath","selector":"//li[@class='success-msg']"}
  (Session info: chrome=80.0.3987.132)
For documentation on this error, please visit: https://www.seleniumhq.org/exceptions/no_such_element.html
Build info: version: '3.141.59', revision: 'e82be7d358', time: '2018-11-14T08:17:03'
System info: host: 'bimanb01-mac', ip: '2001:1c04:2a02:a600:f117:9c07:a609:f582', os.name: 'Mac OS X', os.arch: 'x86_64', os.version: '10.12.6', java.version: '1.8.0_121'
Driver info: org.openqa.selenium.chrome.ChromeDriver
Capabilities {acceptInsecureCerts: false, browserName: chrome, browserVersion: 80.0.3987.132, chrome: {chromedriverVersion: 79.0.3945.36 (3582db32b3389..., userDataDir: /var/folders/h_/mflpb01j1cb...}, goog:chromeOptions: {debuggerAddress: localhost:54728}, javascriptEnabled: true, networkConnectionEnabled: false, pageLoadStrategy: normal, platform: MAC, platformName: MAC, proxy: Proxy(), setWindowRect: true, strictFileInteractability: false, timeouts: {implicit: 0, pageLoad: 300000, script: 30000}, unhandledPromptBehavior: dismiss and notify}
Session ID: fd6d31172f4368137d6b44b85ccbf97b
*** Element info: {Using=xpath, value=//li[@class='success-msg']}]]>
            </message>
            <full-stacktrace>
              <![CDATA[org.openqa.selenium.NoSuchElementException: no such element: Unable to locate element: {"method":"xpath","selector":"//li[@class='success-msg']"}
  (Session info: chrome=80.0.3987.132)
For documentation on this error, please visit: https://www.seleniumhq.org/exceptions/no_such_element.html
Build info: version: '3.141.59', revision: 'e82be7d358', time: '2018-11-14T08:17:03'
System info: host: 'bimanb01-mac', ip: '2001:1c04:2a02:a600:f117:9c07:a609:f582', os.name: 'Mac OS X', os.arch: 'x86_64', os.version: '10.12.6', java.version: '1.8.0_121'
Driver info: org.openqa.selenium.chrome.ChromeDriver
Capabilities {acceptInsecureCerts: false, browserName: chrome, browserVersion: 80.0.3987.132, chrome: {chromedriverVersion: 79.0.3945.36 (3582db32b3389..., userDataDir: /var/folders/h_/mflpb01j1cb...}, goog:chromeOptions: {debuggerAddress: localhost:54728}, javascriptEnabled: true, networkConnectionEnabled: false, pageLoadStrategy: normal, platform: MAC, platformName: MAC, proxy: Proxy(), setWindowRect: true, strictFileInteractability: false, timeouts: {implicit: 0, pageLoad: 300000, script: 30000}, unhandledPromptBehavior: dismiss and notify}
Session ID: fd6d31172f4368137d6b44b85ccbf97b
*** Element info: {Using=xpath, value=//li[@class='success-msg']}
at sun.reflect.NativeConstructorAccessorImpl.newInstance0(Native Method)
at sun.reflect.NativeConstructorAccessorImpl.newInstance(NativeConstructorAccessorImpl.java:62)
at sun.reflect.DelegatingConstructorAccessorImpl.newInstance(DelegatingConstructorAccessorImpl.java:45)
at java.lang.reflect.Constructor.newInstance(Constructor.java:423)
at org.openqa.selenium.remote.http.W3CHttpResponseCodec.createException(W3CHttpResponseCodec.java:187)
at org.openqa.selenium.remote.http.W3CHttpResponseCodec.decode(W3CHttpResponseCodec.java:122)
at org.openqa.selenium.remote.http.W3CHttpResponseCodec.decode(W3CHttpResponseCodec.java:49)
at org.openqa.selenium.remote.HttpCommandExecutor.execute(HttpCommandExecutor.java:158)
at org.openqa.selenium.remote.service.DriverCommandExecutor.execute(DriverCommandExecutor.java:83)
at org.openqa.selenium.remote.RemoteWebDriver.execute(RemoteWebDriver.java:552)
at org.openqa.selenium.remote.RemoteWebDriver.findElement(RemoteWebDriver.java:323)
at org.openqa.selenium.remote.RemoteWebDriver.findElementByXPath(RemoteWebDriver.java:428)
at org.openqa.selenium.By$ByXPath.findElement(By.java:353)
at org.openqa.selenium.remote.RemoteWebDriver.findElement(RemoteWebDriver.java:315)
at sun.reflect.NativeMethodAccessorImpl.invoke0(Native Method)
at sun.reflect.NativeMethodAccessorImpl.invoke(NativeMethodAccessorImpl.java:62)
at sun.reflect.DelegatingMethodAccessorImpl.invoke(DelegatingMethodAccessorImpl.java:43)
at java.lang.reflect.Method.invoke(Method.java:498)
at org.openqa.selenium.support.events.EventFiringWebDriver.lambda$new$1(EventFiringWebDriver.java:105)
at com.sun.proxy.$Proxy7.findElement(Unknown Source)
at org.openqa.selenium.support.events.EventFiringWebDriver.findElement(EventFiringWebDriver.java:194)
at org.openqa.selenium.support.pagefactory.DefaultElementLocator.findElement(DefaultElementLocator.java:69)
at org.openqa.selenium.support.pagefactory.internal.LocatingElementHandler.invoke(LocatingElementHandler.java:38)
at com.sun.proxy.$Proxy11.getText(Unknown Source)
at com.guruEcommerce.qa.pages.accountPage.accountCreateSuccessMessage(accountPage.java:27)
at com.guruEcommerce.qa.testcases.accountPageTest.accountCreationSuccessMessageTest(accountPageTest.java:42)
at sun.reflect.NativeMethodAccessorImpl.invoke0(Native Method)
at sun.reflect.NativeMethodAccessorImpl.invoke(NativeMethodAccessorImpl.java:62)
at sun.reflect.DelegatingMethodAccessorImpl.invoke(DelegatingMethodAccessorImpl.java:43)
at java.lang.reflect.Method.invoke(Method.java:498)
at org.testng.internal.MethodInvocationHelper.invokeMethod(MethodInvocationHelper.java:124)
at org.testng.internal.Invoker.invokeMethod(Invoker.java:580)
at org.testng.internal.Invoker.invokeTestMethod(Invoker.java:716)
at org.testng.internal.Invoker.invokeTestMethods(Invoker.java:988)
at org.testng.internal.TestMethodWorker.invokeTestMethods(TestMethodWorker.java:125)
at org.testng.internal.TestMethodWorker.run(TestMethodWorker.java:109)
at org.testng.TestRunner.privateRun(TestRunner.java:648)
at org.testng.TestRunner.run(TestRunner.java:505)
at org.testng.SuiteRunner.runTest(SuiteRunner.java:455)
at org.testng.SuiteRunner.runSequentially(SuiteRunner.java:450)
at org.testng.SuiteRunner.privateRun(SuiteRunner.java:415)
at org.testng.SuiteRunner.run(SuiteRunner.java:364)
at org.testng.SuiteRunnerWorker.runSuite(SuiteRunnerWorker.java:52)
at org.testng.SuiteRunnerWorker.run(SuiteRunnerWorker.java:84)
at org.testng.TestNG.runSuitesSequentially(TestNG.java:1208)
at org.testng.TestNG.runSuitesLocally(TestNG.java:1137)
at org.testng.TestNG.runSuites(TestNG.java:1049)
at org.testng.TestNG.run(TestNG.java:1017)
at org.apache.maven.surefire.testng.TestNGExecutor.run(TestNGExecutor.java:77)
at org.apache.maven.surefire.testng.TestNGDirectoryTestSuite.executeMulti(TestNGDirectoryTestSuite.java:159)
at org.apache.maven.surefire.testng.TestNGDirectoryTestSuite.execute(TestNGDirectoryTestSuite.java:99)
at org.apache.maven.surefire.testng.TestNGProvider.invoke(TestNGProvider.java:106)
at sun.reflect.NativeMethodAccessorImpl.invoke0(Native Method)
at sun.reflect.NativeMethodAccessorImpl.invoke(NativeMethodAccessorImpl.java:62)
at sun.reflect.DelegatingMethodAccessorImpl.invoke(DelegatingMethodAccessorImpl.java:43)
at java.lang.reflect.Method.invoke(Method.java:498)
at org.apache.maven.surefire.util.ReflectionUtils.invokeMethodWithArray(ReflectionUtils.java:189)
at org.apache.maven.surefire.booter.ProviderFactory$ProviderProxy.invoke(ProviderFactory.java:165)
at org.apache.maven.surefire.booter.ProviderFactory.invokeProvider(ProviderFactory.java:85)
at org.apache.maven.surefire.booter.ForkedBooter.runSuitesInProcess(ForkedBooter.java:115)
at org.apache.maven.surefire.booter.ForkedBooter.main(ForkedBooter.java:75)
]]>
            </full-stacktrace>
          </exception> <!-- org.openqa.selenium.NoSuchElementException -->
          <reporter-output>
          </reporter-output>
        </test-method> <!-- accountCreationSuccessMessageTest -->
        <test-method status="PASS" signature="tearDown()[pri:0, instance:com.guruEcommerce.qa.testcases.accountPageTest@2669b199]" name="tearDown" is-config="true" duration-ms="0" started-at="2020-03-08T19:25:43Z" finished-at="2020-03-08T19:25:43Z">
          <reporter-output>
          </reporter-output>
        </test-method> <!-- tearDown -->
      </class> <!-- com.guruEcommerce.qa.testcases.accountPageTest -->
    </test> <!-- Command line test -->
  </suite> <!-- Command line suite -->
</testng-results>
