<?xml version="1.0" encoding="UTF-8" ?>
<testsuite tests="23" failures="2" name="TestSuite" time="42.303" errors="0" skipped="0">
  <properties>
    <property name="java.vendor" value="Oracle Corporation"/>
    <property name="JOB_NAME" value="eCommerce"/>
    <property name="PWD" value="/Users/bimanb/Documents/Jenkins"/>
    <property name="sun.java.launcher" value="SUN_STANDARD"/>
    <property name="sun.management.compiler" value="HotSpot 64-Bit Tiered Compilers"/>
    <property name="JENKINS_HOME" value="/Users/bimanb/.jenkins"/>
    <property name="PATH" value="/Library/Java/JavaVirtualMachines/jdk1.8.0_121.jdk/Contents/Home/bin:/usr/local/bin:/usr/bin:/bin:/usr/sbin:/sbin:/Applications/Wireshark.app/Contents/MacOS:/Users/bimanb/Downloads/apache-maven-3.6.3/bin"/>
    <property name="HUDSON_SERVER_COOKIE" value="0cd29cd89a1d1adb"/>
    <property name="POM_ARTIFACTID" value="guruEcommerce"/>
    <property name="os.name" value="Mac OS X"/>
    <property name="TERM_PROGRAM" value="Apple_Terminal"/>
    <property name="sun.boot.class.path" value="/Library/Java/JavaVirtualMachines/jdk1.8.0_121.jdk/Contents/Home/jre/lib/resources.jar:/Library/Java/JavaVirtualMachines/jdk1.8.0_121.jdk/Contents/Home/jre/lib/rt.jar:/Library/Java/JavaVirtualMachines/jdk1.8.0_121.jdk/Contents/Home/jre/lib/sunrsasign.jar:/Library/Java/JavaVirtualMachines/jdk1.8.0_121.jdk/Contents/Home/jre/lib/jsse.jar:/Library/Java/JavaVirtualMachines/jdk1.8.0_121.jdk/Contents/Home/jre/lib/jce.jar:/Library/Java/JavaVirtualMachines/jdk1.8.0_121.jdk/Contents/Home/jre/lib/charsets.jar:/Library/Java/JavaVirtualMachines/jdk1.8.0_121.jdk/Contents/Home/jre/lib/jfr.jar:/Library/Java/JavaVirtualMachines/jdk1.8.0_121.jdk/Contents/Home/jre/classes"/>
    <property name="EXECUTOR_NUMBER" value="1"/>
    <property name="TERM_SESSION_ID" value="C28697B8-E343-46FE-BFC4-89E58A0D9DE3"/>
    <property name="user.country.format" value="NL"/>
    <property name="java.vm.specification.vendor" value="Oracle Corporation"/>
    <property name="POM_DISPLAYNAME" value="guruEcommerce"/>
    <property name="NODE_LABELS" value="master"/>
    <property name="java.runtime.version" value="1.8.0_121-b13"/>
    <property name="user.name" value="bimanb"/>
    <property name="guice.disable.misplaced.annotation.check" value="true"/>
    <property name="user.language" value="en"/>
    <property name="JOB_BASE_NAME" value="eCommerce"/>
    <property name="RUN_CHANGES_DISPLAY_URL" value="http://unconfigured-jenkins-location/job/eCommerce/6/display/redirect?page=changes"/>
    <property name="BUILD_DISPLAY_NAME" value="#6"/>
    <property name="TMPDIR" value="/var/folders/h_/mflpb01j1cb90cxgk_31kw901_jtfs/T/"/>
    <property name="sun.boot.library.path" value="/Library/Java/JavaVirtualMachines/jdk1.8.0_121.jdk/Contents/Home/jre/lib"/>
    <property name="java.version" value="1.8.0_121"/>
    <property name="XPC_FLAGS" value="0x0"/>
    <property name="user.timezone" value="Europe/Amsterdam"/>
    <property name="sun.arch.data.model" value="64"/>
    <property name="NODE_NAME" value="master"/>
    <property name="TERM" value="xterm-256color"/>
    <property name="java.endorsed.dirs" value="/Library/Java/JavaVirtualMachines/jdk1.8.0_121.jdk/Contents/Home/jre/lib/endorsed"/>
    <property name="BUILD_ID" value="6"/>
    <property name="sun.cpu.isalist" value=""/>
    <property name="sun.jnu.encoding" value="UTF-8"/>
    <property name="file.encoding.pkg" value="sun.io"/>
    <property name="SHELL" value="/bin/bash"/>
    <property name="file.separator" value="/"/>
    <property name="java.specification.name" value="Java Platform API Specification"/>
    <property name="maven.conf" value="/Users/bimanb/apache-maven-3.5.3/conf"/>
    <property name="java.class.version" value="52.0"/>
    <property name="org.slf4j.simpleLogger.defaultLogLevel" value="info"/>
    <property name="user.country" value="US"/>
    <property name="java.home" value="/Library/Java/JavaVirtualMachines/jdk1.8.0_121.jdk/Contents/Home/jre"/>
    <property name="java.vm.info" value="mixed mode"/>
    <property name="os.version" value="10.12.6"/>
    <property name="RUN_DISPLAY_URL" value="http://unconfigured-jenkins-location/job/eCommerce/6/display/redirect"/>
    <property name="POM_VERSION" value="0.0.1-SNAPSHOT"/>
    <property name="sun.font.fontmanager" value="sun.font.CFontManager"/>
    <property name="path.separator" value=":"/>
    <property name="java.vm.version" value="25.121-b13"/>
    <property name="JOB_DISPLAY_URL" value="http://unconfigured-jenkins-location/job/eCommerce/display/redirect"/>
    <property name="SHLVL" value="1"/>
    <property name="_" value="/usr/bin/java"/>
    <property name="java.awt.printerjob" value="sun.lwawt.macosx.CPrinterJob"/>
    <property name="JAVA_HOME" value="/Library/Java/JavaVirtualMachines/jdk1.8.0_121.jdk/Contents/Home"/>
    <property name="sun.io.unicode.encoding" value="UnicodeBig"/>
    <property name="awt.toolkit" value="sun.lwawt.macosx.LWCToolkit"/>
    <property name="LOGNAME" value="bimanb"/>
    <property name="POM_PACKAGING" value="jar"/>
    <property name="HOME" value="/Users/bimanb"/>
    <property name="POM_GROUPID" value="com"/>
    <property name="user.home" value="/Users/bimanb"/>
    <property name="BUILD_TAG" value="jenkins-eCommerce-6"/>
    <property name="JENKINS_SERVER_COOKIE" value="0cd29cd89a1d1adb"/>
    <property name="XPC_SERVICE_NAME" value="0"/>
    <property name="java.specification.vendor" value="Oracle Corporation"/>
    <property name="CLASSPATH" value=""/>
    <property name="java.vendor.url" value="http://java.oracle.com/"/>
    <property name="java.library.path" value="/Users/bimanb/Library/Java/Extensions:/Library/Java/Extensions:/Network/Library/Java/Extensions:/System/Library/Java/Extensions:/usr/lib/java:."/>
    <property name="Apple_PubSub_Socket_Render" value="/private/tmp/com.apple.launchd.8MDfa1c3F9/Render"/>
    <property name="gopherProxySet" value="false"/>
    <property name="java.vm.vendor" value="Oracle Corporation"/>
    <property name="java.runtime.name" value="Java(TM) SE Runtime Environment"/>
    <property name="maven.home" value="/Users/bimanb/apache-maven-3.5.3"/>
    <property name="java.class.path" value="/Users/bimanb/.jenkins/plugins/maven-plugin/WEB-INF/lib/maven35-agent-1.13.jar:/Users/bbanerjee/apache-maven-3.5.3/boot/plexus-classworlds-2.5.2.jar:/Users/bbanerjee/apache-maven-3.5.3/conf/logging"/>
    <property name="sun.java.command" value="jenkins.maven3.agent.Maven35Main /Users/bbanerjee/apache-maven-3.5.3 /Users/bimanb/.jenkins/war/WEB-INF/lib/remoting-4.2.jar /Users/bimanb/.jenkins/plugins/maven-plugin/WEB-INF/lib/maven35-interceptor-1.13.jar /Users/bimanb/.jenkins/plugins/maven-plugin/WEB-INF/lib/maven3-interceptor-commons-1.13.jar 54683"/>
    <property name="java.vm.specification.name" value="Java Virtual Machine Specification"/>
    <property name="PATH+JDK" value="/Library/Java/JavaVirtualMachines/jdk1.8.0_121.jdk/Contents/Home/bin"/>
    <property name="java.vm.specification.version" value="1.8"/>
    <property name="sun.os.patch.level" value="unknown"/>
    <property name="sun.cpu.endian" value="little"/>
    <property name="M2_HOME" value="/Users/bbanerjee/apache-maven-3.5.3"/>
    <property name="java.io.tmpdir" value="/var/folders/h_/mflpb01j1cb90cxgk_31kw901_jtfs/T/"/>
    <property name="HUDSON_HOME" value="/Users/bimanb/.jenkins"/>
    <property name="PATH+MAVEN" value="/Users/bbanerjee/apache-maven-3.5.3/bin"/>
    <property name="java.vendor.url.bug" value="http://bugreport.sun.com/bugreport/"/>
    <property name="OLDPWD" value="/Users/bimanb/Documents"/>
    <property name="SSH_AUTH_SOCK" value="/private/tmp/com.apple.launchd.oYXvl4k4aG/Listeners"/>
    <property name="LC_CTYPE" value="UTF-8"/>
    <property name="java.awt.graphicsenv" value="sun.awt.CGraphicsEnvironment"/>
    <property name="os.arch" value="x86_64"/>
    <property name="com.apple.java.jvmTask" value="CommandLine"/>
    <property name="java.ext.dirs" value="/Users/bimanb/Library/Java/Extensions:/Library/Java/JavaVirtualMachines/jdk1.8.0_121.jdk/Contents/Home/jre/lib/ext:/Library/Java/Extensions:/Network/Library/Java/Extensions:/System/Library/Java/Extensions:/usr/lib/java"/>
    <property name="__CF_USER_TEXT_ENCODING" value="0x2A8E9D9:0x0:0x0"/>
    <property name="user.dir" value="/Users/bimanb/Documents/2020/learning/guruEcommerce"/>
    <property name="line.separator" value="
"/>
    <property name="JAVA_ARCH" value="x86_64"/>
    <property name="JAVA_MAIN_CLASS_63038" value="Main"/>
    <property name="MAVEN_HOME" value="/Users/bbanerjee/apache-maven-3.5.3"/>
    <property name="java.vm.name" value="Java HotSpot(TM) 64-Bit Server VM"/>
    <property name="BUILD_NUMBER" value="6"/>
    <property name="TERM_PROGRAM_VERSION" value="388.1.1"/>
    <property name="file.encoding" value="UTF-8"/>
    <property name="maven3.interceptor" value="/Users/bimanb/.jenkins/plugins/maven-plugin/WEB-INF/lib/maven35-interceptor-1.13.jar"/>
    <property name="WORKSPACE_TMP" value="/Users/bimanb/.jenkins/workspace/eCommerce@tmp"/>
    <property name="WORKSPACE" value="/Users/bimanb/.jenkins/workspace/eCommerce"/>
    <property name="maven3.interceptor.common" value="/Users/bimanb/.jenkins/plugins/maven-plugin/WEB-INF/lib/maven3-interceptor-commons-1.13.jar"/>
    <property name="java.specification.version" value="1.8"/>
    <property name="USER" value="bimanb"/>
  </properties>
  <testcase classname="com.guruEcommerce.qa.testcases.accountPageTest" name="accountCreationSuccessMessageTest" time="12.07">
    <failure message="no such element: Unable to locate element: {&quot;method&quot;:&quot;xpath&quot;,&quot;selector&quot;:&quot;//li[@class=&apos;success-msg&apos;]&quot;}
  (Session info: chrome=80.0.3987.132)
For documentation on this error, please visit: https://www.seleniumhq.org/exceptions/no_such_element.html
Build info: version: &apos;3.141.59&apos;, revision: &apos;e82be7d358&apos;, time: &apos;2018-11-14T08:17:03&apos;
System info: host: &apos;bimanb01-mac&apos;, ip: &apos;2001:1c04:2a02:a600:f117:9c07:a609:f582&apos;, os.name: &apos;Mac OS X&apos;, os.arch: &apos;x86_64&apos;, os.version: &apos;10.12.6&apos;, java.version: &apos;1.8.0_121&apos;
Driver info: org.openqa.selenium.chrome.ChromeDriver
Capabilities {acceptInsecureCerts: false, browserName: chrome, browserVersion: 80.0.3987.132, chrome: {chromedriverVersion: 79.0.3945.36 (3582db32b3389..., userDataDir: /var/folders/h_/mflpb01j1cb...}, goog:chromeOptions: {debuggerAddress: localhost:54728}, javascriptEnabled: true, networkConnectionEnabled: false, pageLoadStrategy: normal, platform: MAC, platformName: MAC, proxy: Proxy(), setWindowRect: true, strictFileInteractability: false, timeouts: {implicit: 0, pageLoad: 300000, script: 30000}, unhandledPromptBehavior: dismiss and notify}
Session ID: fd6d31172f4368137d6b44b85ccbf97b
*** Element info: {Using=xpath, value=//li[@class=&apos;success-msg&apos;]}" type="org.openqa.selenium.NoSuchElementException">org.openqa.selenium.NoSuchElementException: no such element: Unable to locate element: {&quot;method&quot;:&quot;xpath&quot;,&quot;selector&quot;:&quot;//li[@class=&apos;success-msg&apos;]&quot;}
  (Session info: chrome=80.0.3987.132)
For documentation on this error, please visit: https://www.seleniumhq.org/exceptions/no_such_element.html
Build info: version: &apos;3.141.59&apos;, revision: &apos;e82be7d358&apos;, time: &apos;2018-11-14T08:17:03&apos;
System info: host: &apos;bimanb01-mac&apos;, ip: &apos;2001:1c04:2a02:a600:f117:9c07:a609:f582&apos;, os.name: &apos;Mac OS X&apos;, os.arch: &apos;x86_64&apos;, os.version: &apos;10.12.6&apos;, java.version: &apos;1.8.0_121&apos;
Driver info: org.openqa.selenium.chrome.ChromeDriver
Capabilities {acceptInsecureCerts: false, browserName: chrome, browserVersion: 80.0.3987.132, chrome: {chromedriverVersion: 79.0.3945.36 (3582db32b3389..., userDataDir: /var/folders/h_/mflpb01j1cb...}, goog:chromeOptions: {debuggerAddress: localhost:54728}, javascriptEnabled: true, networkConnectionEnabled: false, pageLoadStrategy: normal, platform: MAC, platformName: MAC, proxy: Proxy(), setWindowRect: true, strictFileInteractability: false, timeouts: {implicit: 0, pageLoad: 300000, script: 30000}, unhandledPromptBehavior: dismiss and notify}
Session ID: fd6d31172f4368137d6b44b85ccbf97b
*** Element info: {Using=xpath, value=//li[@class=&apos;success-msg&apos;]}
	at sun.reflect.NativeConstructorAccessorImpl.newInstance0(Native Method)
	at sun.reflect.NativeConstructorAccessorImpl.newInstance(NativeConstructorAccessorImpl.java:62)
	at sun.reflect.DelegatingConstructorAccessorImpl.newInstance(DelegatingConstructorAccessorImpl.java:45)
	at java.lang.reflect.Constructor.newInstance(Constructor.java:423)
	at org.openqa.selenium.remote.http.W3CHttpResponseCodec.createException(W3CHttpResponseCodec.java:187)
	at org.openqa.selenium.remote.http.W3CHttpResponseCodec.decode(W3CHttpResponseCodec.java:122)
	at org.openqa.selenium.remote.http.W3CHttpResponseCodec.decode(W3CHttpResponseCodec.java:49)
	at org.openqa.selenium.remote.HttpCommandExecutor.execute(HttpCommandExecutor.java:158)
	at org.openqa.selenium.remote.service.DriverCommandExecutor.execute(DriverCommandExecutor.java:83)
	at org.openqa.selenium.remote.RemoteWebDriver.execute(RemoteWebDriver.java:552)
	at org.openqa.selenium.remote.RemoteWebDriver.findElement(RemoteWebDriver.java:323)
	at org.openqa.selenium.remote.RemoteWebDriver.findElementByXPath(RemoteWebDriver.java:428)
	at org.openqa.selenium.By$ByXPath.findElement(By.java:353)
	at org.openqa.selenium.remote.RemoteWebDriver.findElement(RemoteWebDriver.java:315)
	at sun.reflect.NativeMethodAccessorImpl.invoke0(Native Method)
	at sun.reflect.NativeMethodAccessorImpl.invoke(NativeMethodAccessorImpl.java:62)
	at sun.reflect.DelegatingMethodAccessorImpl.invoke(DelegatingMethodAccessorImpl.java:43)
	at java.lang.reflect.Method.invoke(Method.java:498)
	at org.openqa.selenium.support.events.EventFiringWebDriver.lambda$new$1(EventFiringWebDriver.java:105)
	at com.sun.proxy.$Proxy7.findElement(Unknown Source)
	at org.openqa.selenium.support.events.EventFiringWebDriver.findElement(EventFiringWebDriver.java:194)
	at org.openqa.selenium.support.pagefactory.DefaultElementLocator.findElement(DefaultElementLocator.java:69)
	at org.openqa.selenium.support.pagefactory.internal.LocatingElementHandler.invoke(LocatingElementHandler.java:38)
	at com.sun.proxy.$Proxy11.getText(Unknown Source)
	at com.guruEcommerce.qa.pages.accountPage.accountCreateSuccessMessage(accountPage.java:27)
	at com.guruEcommerce.qa.testcases.accountPageTest.accountCreationSuccessMessageTest(accountPageTest.java:42)
</failure>
    <system-out>Configuring TestNG with: org.apache.maven.surefire.testng.conf.TestNG652Configurator@21588809
Before navigating to: &apos;http://live.demoguru99.com/&apos;
Navigated to:&apos;http://live.demoguru99.com/&apos;
Trying to find Element By : By.xpath: //span[@class=&apos;label&apos; and text()=&apos;Account&apos;]
Found Element By : By.xpath: //span[@class=&apos;label&apos; and text()=&apos;Account&apos;]
Trying to click on: [[ChromeDriver: chrome on MAC (fd6d31172f4368137d6b44b85ccbf97b)] -&gt; xpath: //span[@class=&apos;label&apos; and text()=&apos;Account&apos;]]
Clicked on: [[ChromeDriver: chrome on MAC (fd6d31172f4368137d6b44b85ccbf97b)] -&gt; xpath: //span[@class=&apos;label&apos; and text()=&apos;Account&apos;]]
Trying to find Element By : By.xpath: //div[@id=&apos;header-account&apos;]/div/ul/li/a[text()=&apos;My Account&apos;]
Found Element By : By.xpath: //div[@id=&apos;header-account&apos;]/div/ul/li/a[text()=&apos;My Account&apos;]
Trying to click on: [[ChromeDriver: chrome on MAC (fd6d31172f4368137d6b44b85ccbf97b)] -&gt; xpath: //div[@id=&apos;header-account&apos;]/div/ul/li/a[text()=&apos;My Account&apos;]]
Clicked on: [[ChromeDriver: chrome on MAC (fd6d31172f4368137d6b44b85ccbf97b)] -&gt; xpath: //div[@id=&apos;header-account&apos;]/div/ul/li/a[text()=&apos;My Account&apos;]]
Trying to find Element By : By.xpath: //span[text()=&apos;Create an Account&apos;]
Found Element By : By.xpath: //span[text()=&apos;Create an Account&apos;]
Trying to click on: [[ChromeDriver: chrome on MAC (fd6d31172f4368137d6b44b85ccbf97b)] -&gt; xpath: //span[text()=&apos;Create an Account&apos;]]
Clicked on: [[ChromeDriver: chrome on MAC (fd6d31172f4368137d6b44b85ccbf97b)] -&gt; xpath: //span[text()=&apos;Create an Account&apos;]]
Trying to find Element By : By.id: firstname
Found Element By : By.id: firstname
Trying to find Element By : By.id: lastname
Found Element By : By.id: lastname
Trying to find Element By : By.id: email_address
Found Element By : By.id: email_address
Trying to find Element By : By.id: password
Found Element By : By.id: password
Trying to find Element By : By.id: confirmation
Found Element By : By.id: confirmation
Trying to find Element By : By.xpath: //button[@title=&apos;Register&apos;]
Found Element By : By.xpath: //button[@title=&apos;Register&apos;]
Trying to click on: [[ChromeDriver: chrome on MAC (fd6d31172f4368137d6b44b85ccbf97b)] -&gt; xpath: //button[@title=&apos;Register&apos;]]
Clicked on: [[ChromeDriver: chrome on MAC (fd6d31172f4368137d6b44b85ccbf97b)] -&gt; xpath: //button[@title=&apos;Register&apos;]]
Trying to find Element By : By.xpath: //li[@class=&apos;success-msg&apos;]
Exception occured: org.openqa.selenium.NoSuchElementException: no such element: Unable to locate element: {&quot;method&quot;:&quot;xpath&quot;,&quot;selector&quot;:&quot;//li[@class=&apos;success-msg&apos;]&quot;}
  (Session info: chrome=80.0.3987.132)
For documentation on this error, please visit: https://www.seleniumhq.org/exceptions/no_such_element.html
Build info: version: &apos;3.141.59&apos;, revision: &apos;e82be7d358&apos;, time: &apos;2018-11-14T08:17:03&apos;
System info: host: &apos;bimanb01-mac&apos;, ip: &apos;2001:1c04:2a02:a600:f117:9c07:a609:f582&apos;, os.name: &apos;Mac OS X&apos;, os.arch: &apos;x86_64&apos;, os.version: &apos;10.12.6&apos;, java.version: &apos;1.8.0_121&apos;
Driver info: org.openqa.selenium.chrome.ChromeDriver
Capabilities {acceptInsecureCerts: false, browserName: chrome, browserVersion: 80.0.3987.132, chrome: {chromedriverVersion: 79.0.3945.36 (3582db32b3389..., userDataDir: /var/folders/h_/mflpb01j1cb...}, goog:chromeOptions: {debuggerAddress: localhost:54728}, javascriptEnabled: true, networkConnectionEnabled: false, pageLoadStrategy: normal, platform: MAC, platformName: MAC, proxy: Proxy(), setWindowRect: true, strictFileInteractability: false, timeouts: {implicit: 0, pageLoad: 300000, script: 30000}, unhandledPromptBehavior: dismiss and notify}
Session ID: fd6d31172f4368137d6b44b85ccbf97b
*** Element info: {Using=xpath, value=//li[@class=&apos;success-msg&apos;]}
</system-out>
    <system-err>Starting ChromeDriver 79.0.3945.36 (3582db32b33893869b8c1339e8f4d9ed1816f143-refs/branch-heads/3945@{#614}) on port 43505
Only local connections are allowed.
Please protect ports used by ChromeDriver and related test frameworks to prevent access by malicious code.
[1583695393.255][WARNING]: FromSockAddr failed on netmask
[1583695394.838][WARNING]: This version of ChromeDriver has not been tested with Chrome version 80.
Mar 08, 2020 8:23:15 PM org.openqa.selenium.remote.ProtocolHandshake createSession
INFO: Detected dialect: W3C
</system-err>
  </testcase>
  <testcase classname="com.guruEcommerce.qa.testcases.cartPageTest" name="cartPageTitleTest" time="0.025"/>
  <testcase classname="com.guruEcommerce.qa.testcases.cartPageTest" name="clickingEmptyCartTest" time="1.621"/>
  <testcase classname="com.guruEcommerce.qa.testcases.cartPageTest" name="isVisisbleUpdateButtonTest" time="0.07"/>
  <testcase classname="com.guruEcommerce.qa.testcases.cartPageTest" name="updateButtonVisibilityPostQuantityChange" time="0.177"/>
  <testcase classname="com.guruEcommerce.qa.testcases.cartPageTest" name="verifyDisplayErrorMessage" time="0.798">
    <failure message="expected:&lt;* The maximum quantity allowed for purchase is 500.&gt; but was:&lt;The requested quantity for Sony Xperia is not available&gt;" type="java.lang.AssertionError">java.lang.AssertionError: expected:&lt;* The maximum quantity allowed for purchase is 500.&gt; but was:&lt;The requested quantity for Sony Xperia is not available&gt;
	at org.testng.AssertJUnit.assertEquals(AssertJUnit.java:101)
	at org.testng.AssertJUnit.assertEquals(AssertJUnit.java:108)
	at com.guruEcommerce.qa.testcases.cartPageTest.verifyDisplayErrorMessage(cartPageTest.java:59)
</failure>
    <system-out>Before navigating to: &apos;http://live.demoguru99.com/&apos;
Navigated to:&apos;http://live.demoguru99.com/&apos;
Trying to find Element By : By.xpath: //a[text()=&apos;Mobile&apos;]
Found Element By : By.xpath: //a[text()=&apos;Mobile&apos;]
Trying to click on: [[ChromeDriver: chrome on MAC (50713f308789e61a66837640aaa422e7)] -&gt; xpath: //a[text()=&apos;Mobile&apos;]]
Clicked on: [[ChromeDriver: chrome on MAC (50713f308789e61a66837640aaa422e7)] -&gt; xpath: //a[text()=&apos;Mobile&apos;]]
Trying to find Element By : By.all({By.xpath: //li[@class=&apos;item last&apos;]})
Found Element By : By.all({By.xpath: //li[@class=&apos;item last&apos;]})
Trying to find Element By : By.all({By.xpath: //h2[@class=&apos;product-name&apos;]})
Found Element By : By.all({By.xpath: //h2[@class=&apos;product-name&apos;]})
Trying to find Element By : By.all({By.xpath: //h2[@class=&apos;product-name&apos;]})
Found Element By : By.all({By.xpath: //h2[@class=&apos;product-name&apos;]})
Trying to find Element By : By.all({By.xpath: //h2[@class=&apos;product-name&apos;]})
Found Element By : By.all({By.xpath: //h2[@class=&apos;product-name&apos;]})
Trying to find Element By : By.xpath: //span[text()=&apos;Add to Cart&apos;]
Found Element By : By.xpath: //span[text()=&apos;Add to Cart&apos;]
Trying to click on: [[ChromeDriver: chrome on MAC (50713f308789e61a66837640aaa422e7)] -&gt; xpath: //span[text()=&apos;Add to Cart&apos;]]
Clicked on: [[ChromeDriver: chrome on MAC (50713f308789e61a66837640aaa422e7)] -&gt; xpath: //span[text()=&apos;Add to Cart&apos;]]
Trying to find Element By : By.xpath: //input[@title=&apos;Qty&apos;]
Found Element By : By.xpath: //input[@title=&apos;Qty&apos;]
Trying to find Element By : By.xpath: //button[@class=&apos;button btn-update&apos;]
Found Element By : By.xpath: //button[@class=&apos;button btn-update&apos;]
Trying to click on: [[ChromeDriver: chrome on MAC (50713f308789e61a66837640aaa422e7)] -&gt; xpath: //button[@class=&apos;button btn-update&apos;]]
Clicked on: [[ChromeDriver: chrome on MAC (50713f308789e61a66837640aaa422e7)] -&gt; xpath: //button[@class=&apos;button btn-update&apos;]]
Trying to find Element By : By.xpath: //p[@class=&apos;item-msg error&apos;]
Found Element By : By.xpath: //p[@class=&apos;item-msg error&apos;]
</system-out>
    <system-err>Starting ChromeDriver 79.0.3945.36 (3582db32b33893869b8c1339e8f4d9ed1816f143-refs/branch-heads/3945@{#614}) on port 9029
Only local connections are allowed.
Please protect ports used by ChromeDriver and related test frameworks to prevent access by malicious code.
[1583695430.815][WARNING]: FromSockAddr failed on netmask
[1583695431.891][WARNING]: This version of ChromeDriver has not been tested with Chrome version 80.
Mar 08, 2020 8:23:51 PM org.openqa.selenium.remote.ProtocolHandshake createSession
INFO: Detected dialect: W3C
</system-err>
  </testcase>
  <testcase classname="com.guruEcommerce.qa.testcases.compareProductPageTest" name="closingCompareProductPageTest" time="0.724"/>
  <testcase classname="com.guruEcommerce.qa.testcases.compareProductPageTest" name="comparingProductsPageTitleTest" time="0.589"/>
  <testcase classname="com.guruEcommerce.qa.testcases.compareProductPageTest" name="productComparePageHeaderTest" time="0.623"/>
  <testcase classname="com.guruEcommerce.qa.testcases.compareProductPageTest" name="verifyingDisplayedProducts" time="10.672"/>
  <testcase classname="com.guruEcommerce.qa.testcases.homePageTest" name="validateHomePageTitle" time="0.006"/>
  <testcase classname="com.guruEcommerce.qa.testcases.loginPageTest" name="logInPageTitleTest" time="0.009"/>
  <testcase classname="com.guruEcommerce.qa.testcases.mobilePageTest" name="compareButtonDisplayTest" time="11.058"/>
  <testcase classname="com.guruEcommerce.qa.testcases.mobilePageTest" name="validateCostReading" time="0.131"/>
  <testcase classname="com.guruEcommerce.qa.testcases.mobilePageTest" name="validateMobilePageTitleTest" time="0.004"/>
  <testcase classname="com.guruEcommerce.qa.testcases.mobilePageTest" name="validateSortItems" time="0.708"/>
  <testcase classname="com.guruEcommerce.qa.testcases.registrationPageTest" name="createNewAccountTest" time="1.007"/>
  <testcase classname="com.guruEcommerce.qa.testcases.registrationPageTest" name="createNewAccountTest" time="0.967"/>
  <testcase classname="com.guruEcommerce.qa.testcases.registrationPageTest" name="createNewAccountTest" time="0.938"/>
  <testcase classname="com.guruEcommerce.qa.testcases.registrationPageTest" name="registrationPageTitleTest" time="0.006"/>
  <testcase classname="com.guruEcommerce.qa.testcases.xperiaDetailPageTest" name="validateShowPrice" time="0.064"/>
  <testcase classname="com.guruEcommerce.qa.testcases.xperiaDetailPageTest" name="validateXperiaDetailPageTitleTest" time="0.005"/>
  <testcase classname="com.guruEcommerce.qa.testcases.xperiaDetailPageTest" name="validateXperiaProductName" time="0.031"/>
</testsuite>